Using pre-set license
Built from '2020.3/staging' branch; Version is '2020.3.5f1 (8095aa901b9b) revision 8426922'; Using compiler version '192528614'; Build Type 'Release'
OS: 'Windows 10 Home; OS build 19044.2364; Version 2009; 64bit' Language: 'en' Physical Memory: 8041 MB
BatchMode: 1, IsHumanControllingUs: 0, StartBugReporterOnCrash: 0, Is64bit: 1, IsPro: 0

 COMMAND LINE ARGUMENTS:
C:\Program Files\Unity\Hub\Editor\2020.3.5f1\Editor\Unity.exe
-adb2
-batchMode
-noUpm
-name
AssetImportWorker0
-projectPath
C:/Users/tylan/Documents/Unity/Shuffle Towers
-logFile
Logs/AssetImportWorker0.log
-srvPort
59476
Successfully changed project path to: C:/Users/tylan/Documents/Unity/Shuffle Towers
C:/Users/tylan/Documents/Unity/Shuffle Towers
Using Asset Import Pipeline V2.
Refreshing native plugins compatible for Editor in 56.83 ms, found 0 plugins.
Preloading 0 native plugins for Editor in 0.00 ms.
Initialize engine version: 2020.3.5f1 (8095aa901b9b)
[Subsystems] Discovering subsystems at path C:/Program Files/Unity/Hub/Editor/2020.3.5f1/Editor/Data/Resources/UnitySubsystems
[Subsystems] Discovering subsystems at path C:/Users/tylan/Documents/Unity/Shuffle Towers/Assets
GfxDevice: creating device client; threaded=0
Direct3D:
    Version:  Direct3D 11.0 [level 11.0]
    Renderer: NVIDIA GeForce GTX 960M (ID=0x139b)
    Vendor:   
    VRAM:     2008 MB
    Driver:   31.0.15.2802
Initialize mono
Mono path[0] = 'C:/Program Files/Unity/Hub/Editor/2020.3.5f1/Editor/Data/Managed'
Mono path[1] = 'C:/Program Files/Unity/Hub/Editor/2020.3.5f1/Editor/Data/MonoBleedingEdge/lib/mono/unityjit'
Mono config path = 'C:/Program Files/Unity/Hub/Editor/2020.3.5f1/Editor/Data/MonoBleedingEdge/etc'
Using monoOptions --debugger-agent=transport=dt_socket,embedding=1,server=y,suspend=n,address=127.0.0.1:56016
Begin MonoManager ReloadAssembly
Registering precompiled unity dll's ...
Register platform support module: C:/Program Files/Unity/Hub/Editor/2020.3.5f1/Editor/Data/PlaybackEngines/WebGLSupport/UnityEditor.WebGL.Extensions.dll
Register platform support module: C:/Program Files/Unity/Hub/Editor/2020.3.5f1/Editor/Data/PlaybackEngines/WindowsStandaloneSupport/UnityEditor.WindowsStandalone.Extensions.dll
Registered in 0.004281 seconds.
Native extension for WindowsStandalone target not found
Native extension for WebGL target not found
Refreshing native plugins compatible for Editor in 82.67 ms, found 0 plugins.
Preloading 0 native plugins for Editor in 0.00 ms.
Mono: successfully reloaded assembly
- Completed reload, in  1.862 seconds
Platform modules already initialized, skipping
Registering precompiled user dll's ...
Registered in 0.002373 seconds.
Begin MonoManager ReloadAssembly
Native extension for WindowsStandalone target not found
Native extension for WebGL target not found
Refreshing native plugins compatible for Editor in 62.41 ms, found 0 plugins.
Preloading 0 native plugins for Editor in 0.00 ms.
Mono: successfully reloaded assembly
- Completed reload, in  1.890 seconds
Platform modules already initialized, skipping
========================================================================
Worker process is ready to serve import requests
Shader 'Universal Render Pipeline/Particles/Lit': fallback shader 'Universal Render Pipeline/Particles/SimpleLit' not found
Shader 'Universal Render Pipeline/Particles/Lit': fallback shader 'Universal Render Pipeline/Particles/SimpleLit' not found
Launched and connected shader compiler UnityShaderCompiler.exe after 0.07 seconds
Refreshing native plugins compatible for Editor in 0.95 ms, found 0 plugins.
Preloading 0 native plugins for Editor in 0.00 ms.
Unloading 2442 Unused Serialized files (Serialized files now loaded: 0)
System memory in use before: 116.7 MB.
System memory in use after: 114.0 MB.

Unloading 44 unused Assets to reduce memory usage. Loaded Objects now: 2856.
Total: 6.672800 ms (FindLiveObjects: 0.501000 ms CreateObjectMapping: 0.246900 ms MarkObjects: 3.409200 ms  DeleteObjects: 2.513600 ms)

========================================================================
Received Import Request.
  path: Assets/Scripts/Towers/Tower.cs
  artifactKey: Guid(d6279dcfd0e3f2d43897068612183682) Importer(815301076,1909f56bfc062723c751e8b465ee728b)
Start importing Assets/Scripts/Towers/Tower.cs using Guid(d6279dcfd0e3f2d43897068612183682) Importer(815301076,1909f56bfc062723c751e8b465ee728b)  -> (artifact id: '002a71102762a9bd7841297b87933841') in 0.042860 seconds
  Import took 0.050043 seconds .

========================================================================
Received Import Request.
  Time since last request: 74.452248 seconds.
  path: Assets/Scripts/Towers/GoldSpawner.cs
  artifactKey: Guid(7a93265da0ed57f429da978142a2cf0f) Importer(815301076,1909f56bfc062723c751e8b465ee728b)
Start importing Assets/Scripts/Towers/GoldSpawner.cs using Guid(7a93265da0ed57f429da978142a2cf0f) Importer(815301076,1909f56bfc062723c751e8b465ee728b)  -> (artifact id: '6f31bcceee8f8eb82db6cb331ff79dcf') in 0.011589 seconds
  Import took 0.020839 seconds .

========================================================================
Received Import Request.
  Time since last request: 16.951407 seconds.
  path: Assets/Scripts/Towers/GoldSpawner.cs
  artifactKey: Guid(7a93265da0ed57f429da978142a2cf0f) Importer(815301076,1909f56bfc062723c751e8b465ee728b)
Start importing Assets/Scripts/Towers/GoldSpawner.cs using Guid(7a93265da0ed57f429da978142a2cf0f) Importer(815301076,1909f56bfc062723c751e8b465ee728b)  -> (artifact id: 'c8eafe47230def0485eea5b835ad1406') in 0.005249 seconds
  Import took 0.012727 seconds .

========================================================================
Received Import Request.
  Time since last request: 0.006083 seconds.
  path: Assets/Scripts/Towers/GoldSpawner.cs
  artifactKey: Guid(7a93265da0ed57f429da978142a2cf0f) Importer(815301076,1909f56bfc062723c751e8b465ee728b)
Start importing Assets/Scripts/Towers/GoldSpawner.cs using Guid(7a93265da0ed57f429da978142a2cf0f) Importer(815301076,1909f56bfc062723c751e8b465ee728b)  -> (artifact id: 'c8eafe47230def0485eea5b835ad1406') in 0.004083 seconds
  Import took 0.011947 seconds .

========================================================================
Received Import Request.
  Time since last request: 14.392576 seconds.
  path: Assets/Scripts/Towers/GoldSpawner.cs
  artifactKey: Guid(7a93265da0ed57f429da978142a2cf0f) Importer(815301076,1909f56bfc062723c751e8b465ee728b)
Start importing Assets/Scripts/Towers/GoldSpawner.cs using Guid(7a93265da0ed57f429da978142a2cf0f) Importer(815301076,1909f56bfc062723c751e8b465ee728b)  -> (artifact id: '5e0135d9d47e9c696ef858f93d74781d') in 0.004669 seconds
  Import took 0.011351 seconds .

========================================================================
Received Import Request.
  Time since last request: 0.002417 seconds.
  path: Assets/Scripts/Towers/GoldSpawner.cs
  artifactKey: Guid(7a93265da0ed57f429da978142a2cf0f) Importer(815301076,1909f56bfc062723c751e8b465ee728b)
Start importing Assets/Scripts/Towers/GoldSpawner.cs using Guid(7a93265da0ed57f429da978142a2cf0f) Importer(815301076,1909f56bfc062723c751e8b465ee728b)  -> (artifact id: '5e0135d9d47e9c696ef858f93d74781d') in 0.004450 seconds
  Import took 0.010038 seconds .

========================================================================
Received Prepare
Registering precompiled user dll's ...
Registered in 0.002129 seconds.
Begin MonoManager ReloadAssembly
Native extension for WindowsStandalone target not found
Native extension for WebGL target not found
Refreshing native plugins compatible for Editor in 0.48 ms, found 0 plugins.
Preloading 0 native plugins for Editor in 0.00 ms.
Mono: successfully reloaded assembly
- Completed reload, in  1.643 seconds
Platform modules already initialized, skipping
Shader 'Universal Render Pipeline/Particles/Lit': fallback shader 'Universal Render Pipeline/Particles/SimpleLit' not found
Shader 'Universal Render Pipeline/Particles/Lit': fallback shader 'Universal Render Pipeline/Particles/SimpleLit' not found
Refreshing native plugins compatible for Editor in 0.45 ms, found 0 plugins.
Preloading 0 native plugins for Editor in 0.00 ms.
Unloading 2354 Unused Serialized files (Serialized files now loaded: 0)
System memory in use before: 111.7 MB.
System memory in use after: 109.1 MB.

Unloading 39 unused Assets to reduce memory usage. Loaded Objects now: 2860.
Total: 4.840500 ms (FindLiveObjects: 0.457800 ms CreateObjectMapping: 0.207500 ms MarkObjects: 2.345800 ms  DeleteObjects: 1.827300 ms)

========================================================================
Received Prepare
Registering precompiled user dll's ...
Registered in 0.002548 seconds.
Begin MonoManager ReloadAssembly
Native extension for WindowsStandalone target not found
Native extension for WebGL target not found
Refreshing native plugins compatible for Editor in 0.70 ms, found 0 plugins.
Preloading 0 native plugins for Editor in 0.00 ms.
Mono: successfully reloaded assembly
- Completed reload, in  1.338 seconds
Platform modules already initialized, skipping
Shader 'Universal Render Pipeline/Particles/Lit': fallback shader 'Universal Render Pipeline/Particles/SimpleLit' not found
Shader 'Universal Render Pipeline/Particles/Lit': fallback shader 'Universal Render Pipeline/Particles/SimpleLit' not found
Refreshing native plugins compatible for Editor in 0.49 ms, found 0 plugins.
Preloading 0 native plugins for Editor in 0.00 ms.
Unloading 2354 Unused Serialized files (Serialized files now loaded: 0)
System memory in use before: 111.8 MB.
System memory in use after: 109.2 MB.

Unloading 39 unused Assets to reduce memory usage. Loaded Objects now: 2863.
Total: 6.333400 ms (FindLiveObjects: 0.575700 ms CreateObjectMapping: 0.332600 ms MarkObjects: 3.722200 ms  DeleteObjects: 1.700100 ms)

========================================================================
Received Prepare
Registering precompiled user dll's ...
Registered in 0.001647 seconds.
Begin MonoManager ReloadAssembly
Native extension for WindowsStandalone target not found
Native extension for WebGL target not found
Refreshing native plugins compatible for Editor in 0.40 ms, found 0 plugins.
Preloading 0 native plugins for Editor in 0.00 ms.
Mono: successfully reloaded assembly
- Completed reload, in  1.229 seconds
Platform modules already initialized, skipping
Shader 'Universal Render Pipeline/Particles/Lit': fallback shader 'Universal Render Pipeline/Particles/SimpleLit' not found
Shader 'Universal Render Pipeline/Particles/Lit': fallback shader 'Universal Render Pipeline/Particles/SimpleLit' not found
Refreshing native plugins compatible for Editor in 0.46 ms, found 0 plugins.
Preloading 0 native plugins for Editor in 0.00 ms.
Unloading 2354 Unused Serialized files (Serialized files now loaded: 0)
System memory in use before: 111.8 MB.
System memory in use after: 109.2 MB.

Unloading 39 unused Assets to reduce memory usage. Loaded Objects now: 2866.
Total: 4.925200 ms (FindLiveObjects: 0.507800 ms CreateObjectMapping: 0.266100 ms MarkObjects: 2.431900 ms  DeleteObjects: 1.718000 ms)

========================================================================
Received Import Request.
  Time since last request: 1536.000362 seconds.
  path: Assets/Prefabs/Gold Tower.prefab
  artifactKey: Guid(7c1d21dbc9f12764ca6976dd96e53b4a) Importer(815301076,1909f56bfc062723c751e8b465ee728b)
Start importing Assets/Prefabs/Gold Tower.prefab using Guid(7c1d21dbc9f12764ca6976dd96e53b4a) Importer(815301076,1909f56bfc062723c751e8b465ee728b)  -> (artifact id: 'b86a306f792f0db8c270204fee8f5068') in 0.349226 seconds
  Import took 0.355358 seconds .

========================================================================
Received Import Request.
  Time since last request: 94.233551 seconds.
  path: Assets/Prefabs/Gold.prefab
  artifactKey: Guid(a00322d117977824b938169dba623239) Importer(815301076,1909f56bfc062723c751e8b465ee728b)
Start importing Assets/Prefabs/Gold.prefab using Guid(a00322d117977824b938169dba623239) Importer(815301076,1909f56bfc062723c751e8b465ee728b)  -> (artifact id: 'be66d6dbdf711fd79dd7d9cb2dad9783') in 0.022939 seconds
  Import took 0.029754 seconds .

========================================================================
Received Import Request.
  Time since last request: 0.029582 seconds.
  path: Assets/Prefabs/Gold.prefab
  artifactKey: Guid(a00322d117977824b938169dba623239) Importer(815301076,1909f56bfc062723c751e8b465ee728b)
Start importing Assets/Prefabs/Gold.prefab using Guid(a00322d117977824b938169dba623239) Importer(815301076,1909f56bfc062723c751e8b465ee728b)  -> (artifact id: 'be66d6dbdf711fd79dd7d9cb2dad9783') in 0.012071 seconds
  Import took 0.018735 seconds .

========================================================================
Received Import Request.
  Time since last request: 10.365679 seconds.
  path: Assets/Prefabs/Gold Tower.prefab
  artifactKey: Guid(7c1d21dbc9f12764ca6976dd96e53b4a) Importer(815301076,1909f56bfc062723c751e8b465ee728b)
Start importing Assets/Prefabs/Gold Tower.prefab using Guid(7c1d21dbc9f12764ca6976dd96e53b4a) Importer(815301076,1909f56bfc062723c751e8b465ee728b)  -> (artifact id: 'bab712fd0d06b631ea99f75d5fcc5021') in 0.017621 seconds
  Import took 0.023117 seconds .

========================================================================
Received Prepare
Registering precompiled user dll's ...
Registered in 0.002084 seconds.
Begin MonoManager ReloadAssembly
Native extension for WindowsStandalone target not found
Native extension for WebGL target not found
Refreshing native plugins compatible for Editor in 0.48 ms, found 0 plugins.
Preloading 0 native plugins for Editor in 0.00 ms.
Mono: successfully reloaded assembly
- Completed reload, in  1.264 seconds
Platform modules already initialized, skipping
Shader 'Universal Render Pipeline/Particles/Lit': fallback shader 'Universal Render Pipeline/Particles/SimpleLit' not found
Shader 'Universal Render Pipeline/Particles/Lit': fallback shader 'Universal Render Pipeline/Particles/SimpleLit' not found
Refreshing native plugins compatible for Editor in 0.44 ms, found 0 plugins.
Preloading 0 native plugins for Editor in 0.00 ms.
Unloading 2354 Unused Serialized files (Serialized files now loaded: 0)
System memory in use before: 117.1 MB.
System memory in use after: 114.5 MB.

Unloading 39 unused Assets to reduce memory usage. Loaded Objects now: 2916.
Total: 8.435900 ms (FindLiveObjects: 1.357700 ms CreateObjectMapping: 0.499500 ms MarkObjects: 4.882400 ms  DeleteObjects: 1.694600 ms)

========================================================================
Received Import Request.
  Time since last request: 130.828053 seconds.
  path: Assets/Prefabs/Gold Tower.prefab
  artifactKey: Guid(7c1d21dbc9f12764ca6976dd96e53b4a) Importer(815301076,1909f56bfc062723c751e8b465ee728b)
Start importing Assets/Prefabs/Gold Tower.prefab using Guid(7c1d21dbc9f12764ca6976dd96e53b4a) Importer(815301076,1909f56bfc062723c751e8b465ee728b)  -> (artifact id: '35dd47d283b01412ed0bba38577aea94') in 0.236834 seconds
  Import took 0.241953 seconds .

========================================================================
Received Import Request.
  Time since last request: 0.000308 seconds.
  path: Assets/Prefabs/Gold.prefab
  artifactKey: Guid(a00322d117977824b938169dba623239) Importer(815301076,1909f56bfc062723c751e8b465ee728b)
Start importing Assets/Prefabs/Gold.prefab using Guid(a00322d117977824b938169dba623239) Importer(815301076,1909f56bfc062723c751e8b465ee728b)  -> (artifact id: 'b9e43042e2f1e29697f791bf4d95f567') in 0.017239 seconds
  Import took 0.021898 seconds .

========================================================================
Received Prepare
Registering precompiled user dll's ...
Registered in 0.001867 seconds.
Begin MonoManager ReloadAssembly
Native extension for WindowsStandalone target not found
Native extension for WebGL target not found
Refreshing native plugins compatible for Editor in 0.49 ms, found 0 plugins.
Preloading 0 native plugins for Editor in 0.00 ms.
Mono: successfully reloaded assembly
- Completed reload, in  1.480 seconds
Platform modules already initialized, skipping
Shader 'Universal Render Pipeline/Particles/Lit': fallback shader 'Universal Render Pipeline/Particles/SimpleLit' not found
Shader 'Universal Render Pipeline/Particles/Lit': fallback shader 'Universal Render Pipeline/Particles/SimpleLit' not found
Refreshing native plugins compatible for Editor in 0.42 ms, found 0 plugins.
Preloading 0 native plugins for Editor in 0.00 ms.
Unloading 2354 Unused Serialized files (Serialized files now loaded: 0)
System memory in use before: 117.2 MB.
System memory in use after: 114.5 MB.

Unloading 39 unused Assets to reduce memory usage. Loaded Objects now: 2955.
Total: 4.764700 ms (FindLiveObjects: 0.341800 ms CreateObjectMapping: 0.210000 ms MarkObjects: 2.451400 ms  DeleteObjects: 1.760100 ms)

========================================================================
Received Prepare
Registering precompiled user dll's ...
Registered in 0.001763 seconds.
Begin MonoManager ReloadAssembly
Native extension for WindowsStandalone target not found
Native extension for WebGL target not found
Refreshing native plugins compatible for Editor in 0.41 ms, found 0 plugins.
Preloading 0 native plugins for Editor in 0.00 ms.
Mono: successfully reloaded assembly
- Completed reload, in  1.176 seconds
Platform modules already initialized, skipping
Shader 'Universal Render Pipeline/Particles/Lit': fallback shader 'Universal Render Pipeline/Particles/SimpleLit' not found
Shader 'Universal Render Pipeline/Particles/Lit': fallback shader 'Universal Render Pipeline/Particles/SimpleLit' not found
Refreshing native plugins compatible for Editor in 0.79 ms, found 0 plugins.
Preloading 0 native plugins for Editor in 0.00 ms.
Unloading 2354 Unused Serialized files (Serialized files now loaded: 0)
System memory in use before: 117.3 MB.
System memory in use after: 114.6 MB.

Unloading 39 unused Assets to reduce memory usage. Loaded Objects now: 2958.
Total: 5.887200 ms (FindLiveObjects: 0.521000 ms CreateObjectMapping: 0.223800 ms MarkObjects: 2.850700 ms  DeleteObjects: 2.289800 ms)

========================================================================
Received Prepare
Registering precompiled user dll's ...
Registered in 0.002910 seconds.
Begin MonoManager ReloadAssembly
Native extension for WindowsStandalone target not found
Native extension for WebGL target not found
Refreshing native plugins compatible for Editor in 0.46 ms, found 0 plugins.
Preloading 0 native plugins for Editor in 0.00 ms.
Mono: successfully reloaded assembly
- Completed reload, in  1.214 seconds
Platform modules already initialized, skipping
Shader 'Universal Render Pipeline/Particles/Lit': fallback shader 'Universal Render Pipeline/Particles/SimpleLit' not found
Shader 'Universal Render Pipeline/Particles/Lit': fallback shader 'Universal Render Pipeline/Particles/SimpleLit' not found
Refreshing native plugins compatible for Editor in 0.72 ms, found 0 plugins.
Preloading 0 native plugins for Editor in 0.00 ms.
Unloading 2354 Unused Serialized files (Serialized files now loaded: 0)
System memory in use before: 117.3 MB.
System memory in use after: 114.6 MB.

Unloading 39 unused Assets to reduce memory usage. Loaded Objects now: 2961.
Total: 5.899200 ms (FindLiveObjects: 0.639500 ms CreateObjectMapping: 0.298300 ms MarkObjects: 2.653800 ms  DeleteObjects: 2.305800 ms)

========================================================================
Received Prepare
Registering precompiled user dll's ...
Registered in 0.002960 seconds.
Begin MonoManager ReloadAssembly
Native extension for WindowsStandalone target not found
Native extension for WebGL target not found
Refreshing native plugins compatible for Editor in 0.40 ms, found 0 plugins.
Preloading 0 native plugins for Editor in 0.00 ms.
Mono: successfully reloaded assembly
- Completed reload, in  1.554 seconds
Platform modules already initialized, skipping
Shader 'Universal Render Pipeline/Particles/Lit': fallback shader 'Universal Render Pipeline/Particles/SimpleLit' not found
Shader 'Universal Render Pipeline/Particles/Lit': fallback shader 'Universal Render Pipeline/Particles/SimpleLit' not found
Refreshing native plugins compatible for Editor in 0.46 ms, found 0 plugins.
Preloading 0 native plugins for Editor in 0.00 ms.
Unloading 2354 Unused Serialized files (Serialized files now loaded: 0)
System memory in use before: 117.3 MB.
System memory in use after: 114.7 MB.

Unloading 39 unused Assets to reduce memory usage. Loaded Objects now: 2964.
Total: 4.909200 ms (FindLiveObjects: 0.610500 ms CreateObjectMapping: 0.246100 ms MarkObjects: 2.238600 ms  DeleteObjects: 1.812000 ms)

========================================================================
Received Import Request.
  Time since last request: 293.475224 seconds.
  path: Assets/Prefabs/Gold.prefab
  artifactKey: Guid(a00322d117977824b938169dba623239) Importer(815301076,1909f56bfc062723c751e8b465ee728b)
Start importing Assets/Prefabs/Gold.prefab using Guid(a00322d117977824b938169dba623239) Importer(815301076,1909f56bfc062723c751e8b465ee728b)  -> (artifact id: '490f52a52832867fc65323446c57b68a') in 0.224862 seconds
  Import took 0.230008 seconds .

========================================================================
Received Import Request.
  Time since last request: 140.567163 seconds.
  path: Assets/Materials/Gold.mat
  artifactKey: Guid(ce18a133daae9d4448d8c4200b65460f) Importer(815301076,1909f56bfc062723c751e8b465ee728b)
Start importing Assets/Materials/Gold.mat using Guid(ce18a133daae9d4448d8c4200b65460f) Importer(815301076,1909f56bfc062723c751e8b465ee728b)  -> (artifact id: 'b4ac72331cb4e06d7f21a5e1e1d036a7') in 0.042477 seconds
  Import took 0.047277 seconds .

========================================================================
Received Prepare
Registering precompiled user dll's ...
Registered in 0.001892 seconds.
Begin MonoManager ReloadAssembly
Native extension for WindowsStandalone target not found
Native extension for WebGL target not found
Refreshing native plugins compatible for Editor in 0.64 ms, found 0 plugins.
Preloading 0 native plugins for Editor in 0.00 ms.
Mono: successfully reloaded assembly
- Completed reload, in  1.241 seconds
Platform modules already initialized, skipping
Shader 'Universal Render Pipeline/Particles/Lit': fallback shader 'Universal Render Pipeline/Particles/SimpleLit' not found
Shader 'Universal Render Pipeline/Particles/Lit': fallback shader 'Universal Render Pipeline/Particles/SimpleLit' not found
Refreshing native plugins compatible for Editor in 0.65 ms, found 0 plugins.
Preloading 0 native plugins for Editor in 0.00 ms.
Unloading 2354 Unused Serialized files (Serialized files now loaded: 0)
System memory in use before: 117.6 MB.
System memory in use after: 115.0 MB.

Unloading 39 unused Assets to reduce memory usage. Loaded Objects now: 3036.
Total: 5.778200 ms (FindLiveObjects: 0.432800 ms CreateObjectMapping: 0.202800 ms MarkObjects: 3.116500 ms  DeleteObjects: 2.024800 ms)

========================================================================
Received Prepare
Registering precompiled user dll's ...
Registered in 0.002089 seconds.
Begin MonoManager ReloadAssembly
Native extension for WindowsStandalone target not found
Native extension for WebGL target not found
Refreshing native plugins compatible for Editor in 0.76 ms, found 0 plugins.
Preloading 0 native plugins for Editor in 0.00 ms.
Mono: successfully reloaded assembly
- Completed reload, in  1.250 seconds
Platform modules already initialized, skipping
Shader 'Universal Render Pipeline/Particles/Lit': fallback shader 'Universal Render Pipeline/Particles/SimpleLit' not found
Shader 'Universal Render Pipeline/Particles/Lit': fallback shader 'Universal Render Pipeline/Particles/SimpleLit' not found
Refreshing native plugins compatible for Editor in 0.49 ms, found 0 plugins.
Preloading 0 native plugins for Editor in 0.00 ms.
Unloading 2354 Unused Serialized files (Serialized files now loaded: 0)
System memory in use before: 117.5 MB.
System memory in use after: 114.9 MB.

Unloading 39 unused Assets to reduce memory usage. Loaded Objects now: 3039.
Total: 7.288800 ms (FindLiveObjects: 0.426500 ms CreateObjectMapping: 0.258500 ms MarkObjects: 4.412800 ms  DeleteObjects: 2.187000 ms)

========================================================================
Received Prepare
Registering precompiled user dll's ...
Registered in 0.002429 seconds.
Begin MonoManager ReloadAssembly
Native extension for WindowsStandalone target not found
Native extension for WebGL target not found
Refreshing native plugins compatible for Editor in 0.45 ms, found 0 plugins.
Preloading 0 native plugins for Editor in 0.00 ms.
Mono: successfully reloaded assembly
- Completed reload, in  1.568 seconds
Platform modules already initialized, skipping
Shader 'Universal Render Pipeline/Particles/Lit': fallback shader 'Universal Render Pipeline/Particles/SimpleLit' not found
Shader 'Universal Render Pipeline/Particles/Lit': fallback shader 'Universal Render Pipeline/Particles/SimpleLit' not found
Refreshing native plugins compatible for Editor in 0.48 ms, found 0 plugins.
Preloading 0 native plugins for Editor in 0.00 ms.
Unloading 2354 Unused Serialized files (Serialized files now loaded: 0)
System memory in use before: 117.6 MB.
System memory in use after: 115.0 MB.

Unloading 39 unused Assets to reduce memory usage. Loaded Objects now: 3042.
Total: 6.942200 ms (FindLiveObjects: 0.346600 ms CreateObjectMapping: 0.177600 ms MarkObjects: 4.235600 ms  DeleteObjects: 2.180000 ms)

========================================================================
Received Prepare
Registering precompiled user dll's ...
Registered in 0.002183 seconds.
Begin MonoManager ReloadAssembly
Native extension for WindowsStandalone target not found
Native extension for WebGL target not found
Refreshing native plugins compatible for Editor in 0.63 ms, found 0 plugins.
Preloading 0 native plugins for Editor in 0.00 ms.
Mono: successfully reloaded assembly
- Completed reload, in  1.278 seconds
Platform modules already initialized, skipping
Shader 'Universal Render Pipeline/Particles/Lit': fallback shader 'Universal Render Pipeline/Particles/SimpleLit' not found
Shader 'Universal Render Pipeline/Particles/Lit': fallback shader 'Universal Render Pipeline/Particles/SimpleLit' not found
Refreshing native plugins compatible for Editor in 0.46 ms, found 0 plugins.
Preloading 0 native plugins for Editor in 0.00 ms.
Unloading 2354 Unused Serialized files (Serialized files now loaded: 0)
System memory in use before: 117.6 MB.
System memory in use after: 115.0 MB.

Unloading 39 unused Assets to reduce memory usage. Loaded Objects now: 3045.
Total: 5.019000 ms (FindLiveObjects: 0.389300 ms CreateObjectMapping: 0.121200 ms MarkObjects: 2.700300 ms  DeleteObjects: 1.806700 ms)

========================================================================
Received Import Request.
  Time since last request: 677.992127 seconds.
  path: Assets/Scripts/Resource.cs
  artifactKey: Guid(4a0519179cf54154c98b861f44334e20) Importer(815301076,1909f56bfc062723c751e8b465ee728b)
Start importing Assets/Scripts/Resource.cs using Guid(4a0519179cf54154c98b861f44334e20) Importer(815301076,1909f56bfc062723c751e8b465ee728b)  -> (artifact id: 'e9361ad295e02439c055a26a2c42d785') in 0.020257 seconds
  Import took 0.029506 seconds .

========================================================================
Received Prepare
Registering precompiled user dll's ...
Registered in 0.002014 seconds.
Begin MonoManager ReloadAssembly
Native extension for WindowsStandalone target not found
Native extension for WebGL target not found
Refreshing native plugins compatible for Editor in 0.48 ms, found 0 plugins.
Preloading 0 native plugins for Editor in 0.00 ms.
Mono: successfully reloaded assembly
- Completed reload, in  1.283 seconds
Platform modules already initialized, skipping
Shader 'Universal Render Pipeline/Particles/Lit': fallback shader 'Universal Render Pipeline/Particles/SimpleLit' not found
Shader 'Universal Render Pipeline/Particles/Lit': fallback shader 'Universal Render Pipeline/Particles/SimpleLit' not found
Refreshing native plugins compatible for Editor in 0.57 ms, found 0 plugins.
Preloading 0 native plugins for Editor in 0.00 ms.
Unloading 2355 Unused Serialized files (Serialized files now loaded: 0)
System memory in use before: 117.7 MB.
System memory in use after: 115.0 MB.

Unloading 39 unused Assets to reduce memory usage. Loaded Objects now: 3049.
Total: 4.514400 ms (FindLiveObjects: 0.307300 ms CreateObjectMapping: 0.128400 ms MarkObjects: 2.364700 ms  DeleteObjects: 1.712000 ms)

========================================================================
Received Import Request.
  Time since last request: 471.733298 seconds.
  path: Assets/Scripts/Resource.cs
  artifactKey: Guid(4a0519179cf54154c98b861f44334e20) Importer(815301076,1909f56bfc062723c751e8b465ee728b)
Start importing Assets/Scripts/Resource.cs using Guid(4a0519179cf54154c98b861f44334e20) Importer(815301076,1909f56bfc062723c751e8b465ee728b)  -> (artifact id: '13d827944bbebde94fa895b1bc998750') in 0.007683 seconds
  Import took 0.012962 seconds .

========================================================================
Received Import Request.
  Time since last request: 7.331298 seconds.
  path: Assets/Prefabs/Gold.prefab
  artifactKey: Guid(a00322d117977824b938169dba623239) Importer(815301076,1909f56bfc062723c751e8b465ee728b)
Start importing Assets/Prefabs/Gold.prefab using Guid(a00322d117977824b938169dba623239) Importer(815301076,1909f56bfc062723c751e8b465ee728b)  -> (artifact id: '4412fe4117b0b39eb011e9c3ddc56340') in 0.196477 seconds
  Import took 0.202144 seconds .

========================================================================
Received Prepare
Registering precompiled user dll's ...
Registered in 0.002414 seconds.
Begin MonoManager ReloadAssembly
Native extension for WindowsStandalone target not found
Native extension for WebGL target not found
Refreshing native plugins compatible for Editor in 0.84 ms, found 0 plugins.
Preloading 0 native plugins for Editor in 0.00 ms.
Mono: successfully reloaded assembly
- Completed reload, in  1.272 seconds
Platform modules already initialized, skipping
Shader 'Universal Render Pipeline/Particles/Lit': fallback shader 'Universal Render Pipeline/Particles/SimpleLit' not found
Shader 'Universal Render Pipeline/Particles/Lit': fallback shader 'Universal Render Pipeline/Particles/SimpleLit' not found
Refreshing native plugins compatible for Editor in 0.49 ms, found 0 plugins.
Preloading 0 native plugins for Editor in 0.00 ms.
Unloading 2355 Unused Serialized files (Serialized files now loaded: 0)
System memory in use before: 117.8 MB.
System memory in use after: 115.2 MB.

Unloading 39 unused Assets to reduce memory usage. Loaded Objects now: 3088.
Total: 4.647400 ms (FindLiveObjects: 0.386200 ms CreateObjectMapping: 0.135400 ms MarkObjects: 2.309200 ms  DeleteObjects: 1.814700 ms)

========================================================================
Received Import Request.
  Time since last request: 119.913528 seconds.
  path: Assets/Prefabs/Gold Tower.prefab
  artifactKey: Guid(7c1d21dbc9f12764ca6976dd96e53b4a) Importer(815301076,1909f56bfc062723c751e8b465ee728b)
Start importing Assets/Prefabs/Gold Tower.prefab using Guid(7c1d21dbc9f12764ca6976dd96e53b4a) Importer(815301076,1909f56bfc062723c751e8b465ee728b)  -> (artifact id: '5912492710801472b05157a63337f83c') in 0.206237 seconds
  Import took 0.211445 seconds .

========================================================================
Received Import Request.
  Time since last request: 1.507175 seconds.
  path: Assets/Prefabs/Gold Tower.prefab
  artifactKey: Guid(7c1d21dbc9f12764ca6976dd96e53b4a) Importer(815301076,1909f56bfc062723c751e8b465ee728b)
Start importing Assets/Prefabs/Gold Tower.prefab using Guid(7c1d21dbc9f12764ca6976dd96e53b4a) Importer(815301076,1909f56bfc062723c751e8b465ee728b)  -> (artifact id: '5912492710801472b05157a63337f83c') in 0.015598 seconds
  Import took 0.020321 seconds .

========================================================================
Received Prepare
Registering precompiled user dll's ...
Registered in 0.002115 seconds.
Begin MonoManager ReloadAssembly
Native extension for WindowsStandalone target not found
Native extension for WebGL target not found
Refreshing native plugins compatible for Editor in 0.79 ms, found 0 plugins.
Preloading 0 native plugins for Editor in 0.00 ms.
Mono: successfully reloaded assembly
- Completed reload, in  1.473 seconds
Platform modules already initialized, skipping
Shader 'Universal Render Pipeline/Particles/Lit': fallback shader 'Universal Render Pipeline/Particles/SimpleLit' not found
Shader 'Universal Render Pipeline/Particles/Lit': fallback shader 'Universal Render Pipeline/Particles/SimpleLit' not found
Refreshing native plugins compatible for Editor in 0.44 ms, found 0 plugins.
Preloading 0 native plugins for Editor in 0.00 ms.
Unloading 2355 Unused Serialized files (Serialized files now loaded: 0)
System memory in use before: 117.8 MB.
System memory in use after: 115.2 MB.

Unloading 39 unused Assets to reduce memory usage. Loaded Objects now: 3127.
Total: 4.460000 ms (FindLiveObjects: 0.319500 ms CreateObjectMapping: 0.148000 ms MarkObjects: 2.335500 ms  DeleteObjects: 1.655800 ms)

========================================================================
Received Import Request.
  Time since last request: 47.075712 seconds.
  path: Assets/Prefabs/Gold Tower.prefab
  artifactKey: Guid(7c1d21dbc9f12764ca6976dd96e53b4a) Importer(815301076,1909f56bfc062723c751e8b465ee728b)
Start importing Assets/Prefabs/Gold Tower.prefab using Guid(7c1d21dbc9f12764ca6976dd96e53b4a) Importer(815301076,1909f56bfc062723c751e8b465ee728b)  -> (artifact id: '277d1db43a0f6466e7c416ee7fd3529d') in 0.218445 seconds
  Import took 0.223712 seconds .

========================================================================
Received Import Request.
  Time since last request: 1.121115 seconds.
  path: Assets/Prefabs/Gold Tower.prefab
  artifactKey: Guid(7c1d21dbc9f12764ca6976dd96e53b4a) Importer(815301076,1909f56bfc062723c751e8b465ee728b)
Start importing Assets/Prefabs/Gold Tower.prefab using Guid(7c1d21dbc9f12764ca6976dd96e53b4a) Importer(815301076,1909f56bfc062723c751e8b465ee728b)  -> (artifact id: '277d1db43a0f6466e7c416ee7fd3529d') in 0.014195 seconds
  Import took 0.018857 seconds .

========================================================================
Received Prepare
Registering precompiled user dll's ...
Registered in 0.002387 seconds.
Begin MonoManager ReloadAssembly
Native extension for WindowsStandalone target not found
Native extension for WebGL target not found
Refreshing native plugins compatible for Editor in 0.39 ms, found 0 plugins.
Preloading 0 native plugins for Editor in 0.00 ms.
Mono: successfully reloaded assembly
- Completed reload, in  1.218 seconds
Platform modules already initialized, skipping
Shader 'Universal Render Pipeline/Particles/Lit': fallback shader 'Universal Render Pipeline/Particles/SimpleLit' not found
Shader 'Universal Render Pipeline/Particles/Lit': fallback shader 'Universal Render Pipeline/Particles/SimpleLit' not found
Refreshing native plugins compatible for Editor in 0.61 ms, found 0 plugins.
Preloading 0 native plugins for Editor in 0.00 ms.
Unloading 2355 Unused Serialized files (Serialized files now loaded: 0)
System memory in use before: 118.1 MB.
System memory in use after: 115.4 MB.

Unloading 39 unused Assets to reduce memory usage. Loaded Objects now: 3166.
Total: 10.733500 ms (FindLiveObjects: 4.151600 ms CreateObjectMapping: 0.343800 ms MarkObjects: 3.868300 ms  DeleteObjects: 2.367400 ms)

========================================================================
Received Prepare
Registering precompiled user dll's ...
Registered in 0.002393 seconds.
Begin MonoManager ReloadAssembly
Native extension for WindowsStandalone target not found
Native extension for WebGL target not found
Refreshing native plugins compatible for Editor in 0.46 ms, found 0 plugins.
Preloading 0 native plugins for Editor in 0.00 ms.
Mono: successfully reloaded assembly
- Completed reload, in  1.241 seconds
Platform modules already initialized, skipping
Shader 'Universal Render Pipeline/Particles/Lit': fallback shader 'Universal Render Pipeline/Particles/SimpleLit' not found
Shader 'Universal Render Pipeline/Particles/Lit': fallback shader 'Universal Render Pipeline/Particles/SimpleLit' not found
Refreshing native plugins compatible for Editor in 0.44 ms, found 0 plugins.
Preloading 0 native plugins for Editor in 0.00 ms.
Unloading 2355 Unused Serialized files (Serialized files now loaded: 0)
System memory in use before: 118.1 MB.
System memory in use after: 115.4 MB.

Unloading 39 unused Assets to reduce memory usage. Loaded Objects now: 3169.
Total: 5.038200 ms (FindLiveObjects: 0.341700 ms CreateObjectMapping: 0.131300 ms MarkObjects: 2.722300 ms  DeleteObjects: 1.841500 ms)

========================================================================
Received Prepare
Registering precompiled user dll's ...
Registered in 0.002523 seconds.
Begin MonoManager ReloadAssembly
Native extension for WindowsStandalone target not found
Native extension for WebGL target not found
Refreshing native plugins compatible for Editor in 0.61 ms, found 0 plugins.
Preloading 0 native plugins for Editor in 0.00 ms.
Mono: successfully reloaded assembly
- Completed reload, in  1.213 seconds
Platform modules already initialized, skipping
Shader 'Universal Render Pipeline/Particles/Lit': fallback shader 'Universal Render Pipeline/Particles/SimpleLit' not found
Shader 'Universal Render Pipeline/Particles/Lit': fallback shader 'Universal Render Pipeline/Particles/SimpleLit' not found
Refreshing native plugins compatible for Editor in 0.48 ms, found 0 plugins.
Preloading 0 native plugins for Editor in 0.00 ms.
Unloading 2355 Unused Serialized files (Serialized files now loaded: 0)
System memory in use before: 118.1 MB.
System memory in use after: 115.4 MB.

Unloading 39 unused Assets to reduce memory usage. Loaded Objects now: 3172.
Total: 9.310900 ms (FindLiveObjects: 0.938600 ms CreateObjectMapping: 0.717300 ms MarkObjects: 4.737600 ms  DeleteObjects: 2.914500 ms)

========================================================================
Received Prepare
Registering precompiled user dll's ...
Registered in 0.001777 seconds.
Begin MonoManager ReloadAssembly
Native extension for WindowsStandalone target not found
Native extension for WebGL target not found
Refreshing native plugins compatible for Editor in 0.51 ms, found 0 plugins.
Preloading 0 native plugins for Editor in 0.00 ms.
Mono: successfully reloaded assembly
- Completed reload, in  1.216 seconds
Platform modules already initialized, skipping
Shader 'Universal Render Pipeline/Particles/Lit': fallback shader 'Universal Render Pipeline/Particles/SimpleLit' not found
Shader 'Universal Render Pipeline/Particles/Lit': fallback shader 'Universal Render Pipeline/Particles/SimpleLit' not found
Refreshing native plugins compatible for Editor in 0.46 ms, found 0 plugins.
Preloading 0 native plugins for Editor in 0.00 ms.
Unloading 2355 Unused Serialized files (Serialized files now loaded: 0)
System memory in use before: 118.0 MB.
System memory in use after: 115.4 MB.

Unloading 39 unused Assets to reduce memory usage. Loaded Objects now: 3175.
Total: 5.743100 ms (FindLiveObjects: 0.456200 ms CreateObjectMapping: 0.149100 ms MarkObjects: 3.283900 ms  DeleteObjects: 1.852300 ms)

========================================================================
Received Prepare
Registering precompiled user dll's ...
Registered in 0.002194 seconds.
Begin MonoManager ReloadAssembly
Native extension for WindowsStandalone target not found
Native extension for WebGL target not found
Refreshing native plugins compatible for Editor in 0.56 ms, found 0 plugins.
Preloading 0 native plugins for Editor in 0.00 ms.
Mono: successfully reloaded assembly
- Completed reload, in  1.761 seconds
Platform modules already initialized, skipping
Shader 'Universal Render Pipeline/Particles/Lit': fallback shader 'Universal Render Pipeline/Particles/SimpleLit' not found
Shader 'Universal Render Pipeline/Particles/Lit': fallback shader 'Universal Render Pipeline/Particles/SimpleLit' not found
Refreshing native plugins compatible for Editor in 0.56 ms, found 0 plugins.
Preloading 0 native plugins for Editor in 0.00 ms.
Unloading 2355 Unused Serialized files (Serialized files now loaded: 0)
System memory in use before: 118.0 MB.
System memory in use after: 115.3 MB.

Unloading 39 unused Assets to reduce memory usage. Loaded Objects now: 3178.
Total: 5.948000 ms (FindLiveObjects: 0.600200 ms CreateObjectMapping: 0.269100 ms MarkObjects: 3.232300 ms  DeleteObjects: 1.844000 ms)

========================================================================
Received Prepare
Registering precompiled user dll's ...
Registered in 0.002932 seconds.
Begin MonoManager ReloadAssembly
Native extension for WindowsStandalone target not found
Native extension for WebGL target not found
Refreshing native plugins compatible for Editor in 0.54 ms, found 0 plugins.
Preloading 0 native plugins for Editor in 0.00 ms.
Mono: successfully reloaded assembly
- Completed reload, in  1.246 seconds
Platform modules already initialized, skipping
Shader 'Universal Render Pipeline/Particles/Lit': fallback shader 'Universal Render Pipeline/Particles/SimpleLit' not found
Shader 'Universal Render Pipeline/Particles/Lit': fallback shader 'Universal Render Pipeline/Particles/SimpleLit' not found
Refreshing native plugins compatible for Editor in 0.41 ms, found 0 plugins.
Preloading 0 native plugins for Editor in 0.00 ms.
Unloading 2355 Unused Serialized files (Serialized files now loaded: 0)
System memory in use before: 118.1 MB.
System memory in use after: 115.4 MB.

Unloading 39 unused Assets to reduce memory usage. Loaded Objects now: 3181.
Total: 5.494500 ms (FindLiveObjects: 0.627300 ms CreateObjectMapping: 0.278500 ms MarkObjects: 2.848300 ms  DeleteObjects: 1.738600 ms)

========================================================================
Received Prepare
Registering precompiled user dll's ...
Registered in 0.002448 seconds.
Begin MonoManager ReloadAssembly
Native extension for WindowsStandalone target not found
Native extension for WebGL target not found
Refreshing native plugins compatible for Editor in 0.41 ms, found 0 plugins.
Preloading 0 native plugins for Editor in 0.00 ms.
Mono: successfully reloaded assembly
- Completed reload, in  1.276 seconds
Platform modules already initialized, skipping
Shader 'Universal Render Pipeline/Particles/Lit': fallback shader 'Universal Render Pipeline/Particles/SimpleLit' not found
Shader 'Universal Render Pipeline/Particles/Lit': fallback shader 'Universal Render Pipeline/Particles/SimpleLit' not found
Refreshing native plugins compatible for Editor in 0.43 ms, found 0 plugins.
Preloading 0 native plugins for Editor in 0.00 ms.
Unloading 2355 Unused Serialized files (Serialized files now loaded: 0)
System memory in use before: 118.1 MB.
System memory in use after: 115.5 MB.

Unloading 39 unused Assets to reduce memory usage. Loaded Objects now: 3184.
Total: 5.358300 ms (FindLiveObjects: 0.458500 ms CreateObjectMapping: 0.171900 ms MarkObjects: 2.865600 ms  DeleteObjects: 1.860100 ms)

========================================================================
Received Prepare
Registering precompiled user dll's ...
Registered in 0.002683 seconds.
Begin MonoManager ReloadAssembly
Native extension for WindowsStandalone target not found
Native extension for WebGL target not found
Refreshing native plugins compatible for Editor in 0.49 ms, found 0 plugins.
Preloading 0 native plugins for Editor in 0.00 ms.
Mono: successfully reloaded assembly
- Completed reload, in  1.461 seconds
Platform modules already initialized, skipping
Shader 'Universal Render Pipeline/Particles/Lit': fallback shader 'Universal Render Pipeline/Particles/SimpleLit' not found
Shader 'Universal Render Pipeline/Particles/Lit': fallback shader 'Universal Render Pipeline/Particles/SimpleLit' not found
Refreshing native plugins compatible for Editor in 0.93 ms, found 0 plugins.
Preloading 0 native plugins for Editor in 0.00 ms.
Unloading 2355 Unused Serialized files (Serialized files now loaded: 0)
System memory in use before: 118.1 MB.
System memory in use after: 115.5 MB.

Unloading 39 unused Assets to reduce memory usage. Loaded Objects now: 3187.
Total: 7.597700 ms (FindLiveObjects: 0.666700 ms CreateObjectMapping: 0.240100 ms MarkObjects: 3.534400 ms  DeleteObjects: 3.154600 ms)

========================================================================
Received Prepare
Registering precompiled user dll's ...
Registered in 0.001688 seconds.
Begin MonoManager ReloadAssembly
Native extension for WindowsStandalone target not found
Native extension for WebGL target not found
Refreshing native plugins compatible for Editor in 0.49 ms, found 0 plugins.
Preloading 0 native plugins for Editor in 0.00 ms.
Mono: successfully reloaded assembly
- Completed reload, in  1.228 seconds
Platform modules already initialized, skipping
Shader 'Universal Render Pipeline/Particles/Lit': fallback shader 'Universal Render Pipeline/Particles/SimpleLit' not found
Shader 'Universal Render Pipeline/Particles/Lit': fallback shader 'Universal Render Pipeline/Particles/SimpleLit' not found
Refreshing native plugins compatible for Editor in 0.44 ms, found 0 plugins.
Preloading 0 native plugins for Editor in 0.00 ms.
Unloading 2355 Unused Serialized files (Serialized files now loaded: 0)
System memory in use before: 118.1 MB.
System memory in use after: 115.5 MB.

Unloading 39 unused Assets to reduce memory usage. Loaded Objects now: 3190.
Total: 4.687100 ms (FindLiveObjects: 0.315600 ms CreateObjectMapping: 0.130800 ms MarkObjects: 2.440300 ms  DeleteObjects: 1.786000 ms)

========================================================================
Received Prepare
Registering precompiled user dll's ...
Registered in 0.001928 seconds.
Begin MonoManager ReloadAssembly
Native extension for WindowsStandalone target not found
Native extension for WebGL target not found
Refreshing native plugins compatible for Editor in 0.50 ms, found 0 plugins.
Preloading 0 native plugins for Editor in 0.00 ms.
Mono: successfully reloaded assembly
- Completed reload, in  1.236 seconds
Platform modules already initialized, skipping
Shader 'Universal Render Pipeline/Particles/Lit': fallback shader 'Universal Render Pipeline/Particles/SimpleLit' not found
Shader 'Universal Render Pipeline/Particles/Lit': fallback shader 'Universal Render Pipeline/Particles/SimpleLit' not found
Refreshing native plugins compatible for Editor in 0.53 ms, found 0 plugins.
Preloading 0 native plugins for Editor in 0.00 ms.
Unloading 2355 Unused Serialized files (Serialized files now loaded: 0)
System memory in use before: 118.0 MB.
System memory in use after: 115.4 MB.

Unloading 39 unused Assets to reduce memory usage. Loaded Objects now: 3193.
Total: 6.634300 ms (FindLiveObjects: 0.380800 ms CreateObjectMapping: 0.215200 ms MarkObjects: 3.934600 ms  DeleteObjects: 2.102100 ms)

========================================================================
Received Prepare
Registering precompiled user dll's ...
Registered in 0.001891 seconds.
Begin MonoManager ReloadAssembly
Native extension for WindowsStandalone target not found
Native extension for WebGL target not found
Refreshing native plugins compatible for Editor in 0.46 ms, found 0 plugins.
Preloading 0 native plugins for Editor in 0.00 ms.
Mono: successfully reloaded assembly
- Completed reload, in  1.233 seconds
Platform modules already initialized, skipping
Shader 'Universal Render Pipeline/Particles/Lit': fallback shader 'Universal Render Pipeline/Particles/SimpleLit' not found
Shader 'Universal Render Pipeline/Particles/Lit': fallback shader 'Universal Render Pipeline/Particles/SimpleLit' not found
Refreshing native plugins compatible for Editor in 0.43 ms, found 0 plugins.
Preloading 0 native plugins for Editor in 0.00 ms.
Unloading 2355 Unused Serialized files (Serialized files now loaded: 0)
System memory in use before: 118.1 MB.
System memory in use after: 115.5 MB.

Unloading 39 unused Assets to reduce memory usage. Loaded Objects now: 3196.
Total: 7.007700 ms (FindLiveObjects: 0.638800 ms CreateObjectMapping: 0.255600 ms MarkObjects: 3.904600 ms  DeleteObjects: 2.206800 ms)

========================================================================
Received Prepare
Registering precompiled user dll's ...
Registered in 0.002567 seconds.
Begin MonoManager ReloadAssembly
Native extension for WindowsStandalone target not found
Native extension for WebGL target not found
Refreshing native plugins compatible for Editor in 0.42 ms, found 0 plugins.
Preloading 0 native plugins for Editor in 0.00 ms.
Mono: successfully reloaded assembly
- Completed reload, in  1.144 seconds
Platform modules already initialized, skipping
Shader 'Universal Render Pipeline/Particles/Lit': fallback shader 'Universal Render Pipeline/Particles/SimpleLit' not found
Shader 'Universal Render Pipeline/Particles/Lit': fallback shader 'Universal Render Pipeline/Particles/SimpleLit' not found
Refreshing native plugins compatible for Editor in 0.53 ms, found 0 plugins.
Preloading 0 native plugins for Editor in 0.00 ms.
Unloading 2355 Unused Serialized files (Serialized files now loaded: 0)
System memory in use before: 118.1 MB.
System memory in use after: 115.5 MB.

Unloading 39 unused Assets to reduce memory usage. Loaded Objects now: 3199.
Total: 4.959600 ms (FindLiveObjects: 0.346500 ms CreateObjectMapping: 0.149900 ms MarkObjects: 2.640500 ms  DeleteObjects: 1.821000 ms)

========================================================================
Received Prepare
Registering precompiled user dll's ...
Registered in 0.001613 seconds.
Begin MonoManager ReloadAssembly
Native extension for WindowsStandalone target not found
Native extension for WebGL target not found
Refreshing native plugins compatible for Editor in 0.43 ms, found 0 plugins.
Preloading 0 native plugins for Editor in 0.00 ms.
Mono: successfully reloaded assembly
- Completed reload, in  1.252 seconds
Platform modules already initialized, skipping
Shader 'Universal Render Pipeline/Particles/Lit': fallback shader 'Universal Render Pipeline/Particles/SimpleLit' not found
Shader 'Universal Render Pipeline/Particles/Lit': fallback shader 'Universal Render Pipeline/Particles/SimpleLit' not found
Refreshing native plugins compatible for Editor in 0.44 ms, found 0 plugins.
Preloading 0 native plugins for Editor in 0.00 ms.
Unloading 2355 Unused Serialized files (Serialized files now loaded: 0)
System memory in use before: 118.2 MB.
System memory in use after: 115.5 MB.

Unloading 39 unused Assets to reduce memory usage. Loaded Objects now: 3202.
Total: 4.716000 ms (FindLiveObjects: 0.370400 ms CreateObjectMapping: 0.172000 ms MarkObjects: 2.399800 ms  DeleteObjects: 1.772100 ms)

========================================================================
Received Import Request.
  Time since last request: 3368.851177 seconds.
  path: Assets/Scripts/ResourceVisualizer.cs
  artifactKey: Guid(0b81c9c0afa38e04dbf4d5669f18a239) Importer(815301076,1909f56bfc062723c751e8b465ee728b)
Start importing Assets/Scripts/ResourceVisualizer.cs using Guid(0b81c9c0afa38e04dbf4d5669f18a239) Importer(815301076,1909f56bfc062723c751e8b465ee728b)  -> (artifact id: '8a352b75d8e20fa14715037eb67b3d9a') in 0.036390 seconds
  Import took 0.042951 seconds .

========================================================================
Received Prepare
Registering precompiled user dll's ...
Registered in 0.002400 seconds.
Begin MonoManager ReloadAssembly
Native extension for WindowsStandalone target not found
Native extension for WebGL target not found
Refreshing native plugins compatible for Editor in 0.41 ms, found 0 plugins.
Preloading 0 native plugins for Editor in 0.00 ms.
Mono: successfully reloaded assembly
- Completed reload, in  1.309 seconds
Platform modules already initialized, skipping
Shader 'Universal Render Pipeline/Particles/Lit': fallback shader 'Universal Render Pipeline/Particles/SimpleLit' not found
Shader 'Universal Render Pipeline/Particles/Lit': fallback shader 'Universal Render Pipeline/Particles/SimpleLit' not found
Refreshing native plugins compatible for Editor in 0.49 ms, found 0 plugins.
Preloading 0 native plugins for Editor in 0.00 ms.
Unloading 2356 Unused Serialized files (Serialized files now loaded: 0)
System memory in use before: 118.2 MB.
System memory in use after: 115.5 MB.

Unloading 39 unused Assets to reduce memory usage. Loaded Objects now: 3206.
Total: 5.609800 ms (FindLiveObjects: 0.469600 ms CreateObjectMapping: 0.147100 ms MarkObjects: 3.164800 ms  DeleteObjects: 1.827100 ms)

========================================================================
Received Import Request.
  Time since last request: 6.666631 seconds.
  path: Packages/com.unity.render-pipelines.universal/Runtime/Materials/Lit.mat
  artifactKey: Guid(31321ba15b8f8eb4c954353edc038b1d) Importer(815301076,1909f56bfc062723c751e8b465ee728b)
Start importing Packages/com.unity.render-pipelines.universal/Runtime/Materials/Lit.mat using Guid(31321ba15b8f8eb4c954353edc038b1d) Importer(815301076,1909f56bfc062723c751e8b465ee728b)  -> (artifact id: '566f2d42e7c909b0866b1babb15874e1') in 0.224117 seconds
  Import took 0.229262 seconds .

========================================================================
Received Import Request.
  Time since last request: 6.493825 seconds.
  path: Assets/Prefabs/Tile.prefab
  artifactKey: Guid(b3eabeebd7b75d04f934a2c674e70071) Importer(815301076,1909f56bfc062723c751e8b465ee728b)
Start importing Assets/Prefabs/Tile.prefab using Guid(b3eabeebd7b75d04f934a2c674e70071) Importer(815301076,1909f56bfc062723c751e8b465ee728b)  -> (artifact id: '43496dc91d1d13f994694e89f4b75df7') in 0.036399 seconds
  Import took 0.042955 seconds .

========================================================================
Received Import Request.
  Time since last request: 595.405963 seconds.
  path: Assets/Scripts/ResourceVisualizer.cs
  artifactKey: Guid(0b81c9c0afa38e04dbf4d5669f18a239) Importer(815301076,1909f56bfc062723c751e8b465ee728b)
Start importing Assets/Scripts/ResourceVisualizer.cs using Guid(0b81c9c0afa38e04dbf4d5669f18a239) Importer(815301076,1909f56bfc062723c751e8b465ee728b)  -> (artifact id: 'f8a3a296236562fc0bc30e67f773886b') in 0.005785 seconds
  Import took 0.013532 seconds .

========================================================================
Received Import Request.
  Time since last request: 218.039823 seconds.
  path: Assets/Scripts/ResourceVisualizer.cs
  artifactKey: Guid(0b81c9c0afa38e04dbf4d5669f18a239) Importer(815301076,1909f56bfc062723c751e8b465ee728b)
Start importing Assets/Scripts/ResourceVisualizer.cs using Guid(0b81c9c0afa38e04dbf4d5669f18a239) Importer(815301076,1909f56bfc062723c751e8b465ee728b)  -> (artifact id: '032490d3861f2fc13393f5db2cbfa5ed') in 0.003582 seconds
  Import took 0.010465 seconds .

========================================================================
Received Import Request.
  Time since last request: 186.190270 seconds.
  path: Assets/Scripts/ResourceVisualizer.cs
  artifactKey: Guid(0b81c9c0afa38e04dbf4d5669f18a239) Importer(815301076,1909f56bfc062723c751e8b465ee728b)
Start importing Assets/Scripts/ResourceVisualizer.cs using Guid(0b81c9c0afa38e04dbf4d5669f18a239) Importer(815301076,1909f56bfc062723c751e8b465ee728b)  -> (artifact id: '1c9a7992ccbacd7df37eb1f3a9eb50c9') in 0.005247 seconds
  Import took 0.011350 seconds .

========================================================================
Received Import Request.
  Time since last request: 96.269650 seconds.
  path: Assets/Scripts/ResourceVisualizer.cs
  artifactKey: Guid(0b81c9c0afa38e04dbf4d5669f18a239) Importer(815301076,1909f56bfc062723c751e8b465ee728b)
Start importing Assets/Scripts/ResourceVisualizer.cs using Guid(0b81c9c0afa38e04dbf4d5669f18a239) Importer(815301076,1909f56bfc062723c751e8b465ee728b)  -> (artifact id: '5a268a802b3070491de7d0f0a9896a08') in 0.004666 seconds
  Import took 0.012131 seconds .

========================================================================
Received Prepare
Registering precompiled user dll's ...
Registered in 0.002136 seconds.
Begin MonoManager ReloadAssembly
Native extension for WindowsStandalone target not found
Native extension for WebGL target not found
Refreshing native plugins compatible for Editor in 0.53 ms, found 0 plugins.
Preloading 0 native plugins for Editor in 0.00 ms.
Mono: successfully reloaded assembly
- Completed reload, in  1.252 seconds
Platform modules already initialized, skipping
Shader 'Universal Render Pipeline/Particles/Lit': fallback shader 'Universal Render Pipeline/Particles/SimpleLit' not found
Shader 'Universal Render Pipeline/Particles/Lit': fallback shader 'Universal Render Pipeline/Particles/SimpleLit' not found
Refreshing native plugins compatible for Editor in 0.45 ms, found 0 plugins.
Preloading 0 native plugins for Editor in 0.00 ms.
Unloading 2356 Unused Serialized files (Serialized files now loaded: 0)
System memory in use before: 118.2 MB.
System memory in use after: 115.6 MB.

Unloading 39 unused Assets to reduce memory usage. Loaded Objects now: 3245.
Total: 5.473500 ms (FindLiveObjects: 0.373200 ms CreateObjectMapping: 0.175000 ms MarkObjects: 2.481500 ms  DeleteObjects: 2.441400 ms)

========================================================================
Received Import Request.
  Time since last request: 129.726583 seconds.
  path: Assets/Prefabs/Tile.prefab
  artifactKey: Guid(b3eabeebd7b75d04f934a2c674e70071) Importer(815301076,1909f56bfc062723c751e8b465ee728b)
Start importing Assets/Prefabs/Tile.prefab using Guid(b3eabeebd7b75d04f934a2c674e70071) Importer(815301076,1909f56bfc062723c751e8b465ee728b)  -> (artifact id: '76170824ba4c7835343279eee315e4ea') in 0.224390 seconds
  Import took 0.229638 seconds .

========================================================================
Received Import Request.
  Time since last request: 9.422518 seconds.
  path: Assets/Prefabs/Tile.prefab
  artifactKey: Guid(b3eabeebd7b75d04f934a2c674e70071) Importer(815301076,1909f56bfc062723c751e8b465ee728b)
Start importing Assets/Prefabs/Tile.prefab using Guid(b3eabeebd7b75d04f934a2c674e70071) Importer(815301076,1909f56bfc062723c751e8b465ee728b)  -> (artifact id: 'f952ee49885c35366605e55b8045d808') in 0.015426 seconds
  Import took 0.022714 seconds .

========================================================================
Received Prepare
Registering precompiled user dll's ...
Registered in 0.001590 seconds.
Begin MonoManager ReloadAssembly
Native extension for WindowsStandalone target not found
Native extension for WebGL target not found
Refreshing native plugins compatible for Editor in 0.52 ms, found 0 plugins.
Preloading 0 native plugins for Editor in 0.00 ms.
Mono: successfully reloaded assembly
- Completed reload, in  1.239 seconds
Platform modules already initialized, skipping
Shader 'Universal Render Pipeline/Particles/Lit': fallback shader 'Universal Render Pipeline/Particles/SimpleLit' not found
Shader 'Universal Render Pipeline/Particles/Lit': fallback shader 'Universal Render Pipeline/Particles/SimpleLit' not found
Refreshing native plugins compatible for Editor in 0.59 ms, found 0 plugins.
Preloading 0 native plugins for Editor in 0.00 ms.
Unloading 2356 Unused Serialized files (Serialized files now loaded: 0)
System memory in use before: 118.5 MB.
System memory in use after: 115.8 MB.

Unloading 39 unused Assets to reduce memory usage. Loaded Objects now: 3284.
Total: 4.908900 ms (FindLiveObjects: 0.351500 ms CreateObjectMapping: 0.145300 ms MarkObjects: 2.628600 ms  DeleteObjects: 1.781800 ms)

========================================================================
Received Prepare
Registering precompiled user dll's ...
Registered in 0.002043 seconds.
Begin MonoManager ReloadAssembly
Native extension for WindowsStandalone target not found
Native extension for WebGL target not found
Refreshing native plugins compatible for Editor in 0.49 ms, found 0 plugins.
Preloading 0 native plugins for Editor in 0.00 ms.
Mono: successfully reloaded assembly
- Completed reload, in  1.300 seconds
Platform modules already initialized, skipping
Shader 'Universal Render Pipeline/Particles/Lit': fallback shader 'Universal Render Pipeline/Particles/SimpleLit' not found
Shader 'Universal Render Pipeline/Particles/Lit': fallback shader 'Universal Render Pipeline/Particles/SimpleLit' not found
Refreshing native plugins compatible for Editor in 0.46 ms, found 0 plugins.
Preloading 0 native plugins for Editor in 0.00 ms.
Unloading 2356 Unused Serialized files (Serialized files now loaded: 0)
System memory in use before: 118.5 MB.
System memory in use after: 115.8 MB.

Unloading 39 unused Assets to reduce memory usage. Loaded Objects now: 3287.
Total: 5.661500 ms (FindLiveObjects: 0.896300 ms CreateObjectMapping: 0.194300 ms MarkObjects: 2.805600 ms  DeleteObjects: 1.764200 ms)

========================================================================
Received Prepare
Registering precompiled user dll's ...
Registered in 0.001740 seconds.
Begin MonoManager ReloadAssembly
Native extension for WindowsStandalone target not found
Native extension for WebGL target not found
Refreshing native plugins compatible for Editor in 0.44 ms, found 0 plugins.
Preloading 0 native plugins for Editor in 0.00 ms.
Mono: successfully reloaded assembly
- Completed reload, in  1.258 seconds
Platform modules already initialized, skipping
Shader 'Universal Render Pipeline/Particles/Lit': fallback shader 'Universal Render Pipeline/Particles/SimpleLit' not found
Shader 'Universal Render Pipeline/Particles/Lit': fallback shader 'Universal Render Pipeline/Particles/SimpleLit' not found
Refreshing native plugins compatible for Editor in 0.47 ms, found 0 plugins.
Preloading 0 native plugins for Editor in 0.00 ms.
Unloading 2356 Unused Serialized files (Serialized files now loaded: 0)
System memory in use before: 118.5 MB.
System memory in use after: 115.8 MB.

Unloading 39 unused Assets to reduce memory usage. Loaded Objects now: 3290.
Total: 5.697100 ms (FindLiveObjects: 0.501000 ms CreateObjectMapping: 0.127800 ms MarkObjects: 2.799500 ms  DeleteObjects: 2.267500 ms)

========================================================================
Received Prepare
Registering precompiled user dll's ...
Registered in 0.002207 seconds.
Begin MonoManager ReloadAssembly
Native extension for WindowsStandalone target not found
Native extension for WebGL target not found
Refreshing native plugins compatible for Editor in 0.41 ms, found 0 plugins.
Preloading 0 native plugins for Editor in 0.00 ms.
Mono: successfully reloaded assembly
- Completed reload, in  1.229 seconds
Platform modules already initialized, skipping
Shader 'Universal Render Pipeline/Particles/Lit': fallback shader 'Universal Render Pipeline/Particles/SimpleLit' not found
Shader 'Universal Render Pipeline/Particles/Lit': fallback shader 'Universal Render Pipeline/Particles/SimpleLit' not found
Refreshing native plugins compatible for Editor in 0.46 ms, found 0 plugins.
Preloading 0 native plugins for Editor in 0.00 ms.
Unloading 2356 Unused Serialized files (Serialized files now loaded: 0)
System memory in use before: 118.4 MB.
System memory in use after: 115.8 MB.

Unloading 39 unused Assets to reduce memory usage. Loaded Objects now: 3293.
Total: 4.470900 ms (FindLiveObjects: 0.333100 ms CreateObjectMapping: 0.124200 ms MarkObjects: 2.330900 ms  DeleteObjects: 1.681600 ms)

========================================================================
Received Prepare
Registering precompiled user dll's ...
Registered in 0.002465 seconds.
Begin MonoManager ReloadAssembly
Native extension for WindowsStandalone target not found
Native extension for WebGL target not found
Refreshing native plugins compatible for Editor in 0.40 ms, found 0 plugins.
Preloading 0 native plugins for Editor in 0.00 ms.
Mono: successfully reloaded assembly
- Completed reload, in  1.157 seconds
Platform modules already initialized, skipping
Shader 'Universal Render Pipeline/Particles/Lit': fallback shader 'Universal Render Pipeline/Particles/SimpleLit' not found
Shader 'Universal Render Pipeline/Particles/Lit': fallback shader 'Universal Render Pipeline/Particles/SimpleLit' not found
Refreshing native plugins compatible for Editor in 0.58 ms, found 0 plugins.
Preloading 0 native plugins for Editor in 0.00 ms.
Unloading 2356 Unused Serialized files (Serialized files now loaded: 0)
System memory in use before: 118.3 MB.
System memory in use after: 115.7 MB.

Unloading 39 unused Assets to reduce memory usage. Loaded Objects now: 3296.
Total: 6.095600 ms (FindLiveObjects: 0.363100 ms CreateObjectMapping: 0.195600 ms MarkObjects: 2.874000 ms  DeleteObjects: 2.661600 ms)

========================================================================
Received Prepare
Registering precompiled user dll's ...
Registered in 0.002164 seconds.
Begin MonoManager ReloadAssembly
Native extension for WindowsStandalone target not found
Native extension for WebGL target not found
Refreshing native plugins compatible for Editor in 0.64 ms, found 0 plugins.
Preloading 0 native plugins for Editor in 0.00 ms.
Mono: successfully reloaded assembly
- Completed reload, in  1.367 seconds
Platform modules already initialized, skipping
Shader 'Universal Render Pipeline/Particles/Lit': fallback shader 'Universal Render Pipeline/Particles/SimpleLit' not found
Shader 'Universal Render Pipeline/Particles/Lit': fallback shader 'Universal Render Pipeline/Particles/SimpleLit' not found
Refreshing native plugins compatible for Editor in 0.45 ms, found 0 plugins.
Preloading 0 native plugins for Editor in 0.00 ms.
Unloading 2356 Unused Serialized files (Serialized files now loaded: 0)
System memory in use before: 118.5 MB.
System memory in use after: 115.8 MB.

Unloading 39 unused Assets to reduce memory usage. Loaded Objects now: 3299.
Total: 6.214000 ms (FindLiveObjects: 0.467300 ms CreateObjectMapping: 0.183700 ms MarkObjects: 2.783900 ms  DeleteObjects: 2.777500 ms)

========================================================================
Received Prepare
Registering precompiled user dll's ...
Registered in 0.001715 seconds.
Begin MonoManager ReloadAssembly
Native extension for WindowsStandalone target not found
Native extension for WebGL target not found
Refreshing native plugins compatible for Editor in 0.47 ms, found 0 plugins.
Preloading 0 native plugins for Editor in 0.00 ms.
Mono: successfully reloaded assembly
- Completed reload, in  1.155 seconds
Platform modules already initialized, skipping
Shader 'Universal Render Pipeline/Particles/Lit': fallback shader 'Universal Render Pipeline/Particles/SimpleLit' not found
Shader 'Universal Render Pipeline/Particles/Lit': fallback shader 'Universal Render Pipeline/Particles/SimpleLit' not found
Refreshing native plugins compatible for Editor in 0.43 ms, found 0 plugins.
Preloading 0 native plugins for Editor in 0.00 ms.
Unloading 2356 Unused Serialized files (Serialized files now loaded: 0)
System memory in use before: 118.5 MB.
System memory in use after: 115.8 MB.

Unloading 39 unused Assets to reduce memory usage. Loaded Objects now: 3302.
Total: 4.538400 ms (FindLiveObjects: 0.330400 ms CreateObjectMapping: 0.137100 ms MarkObjects: 2.392000 ms  DeleteObjects: 1.677200 ms)

========================================================================
Received Prepare
Registering precompiled user dll's ...
Registered in 0.002388 seconds.
Begin MonoManager ReloadAssembly
Native extension for WindowsStandalone target not found
Native extension for WebGL target not found
Refreshing native plugins compatible for Editor in 0.55 ms, found 0 plugins.
Preloading 0 native plugins for Editor in 0.00 ms.
Mono: successfully reloaded assembly
- Completed reload, in  1.510 seconds
Platform modules already initialized, skipping
Shader 'Universal Render Pipeline/Particles/Lit': fallback shader 'Universal Render Pipeline/Particles/SimpleLit' not found
Shader 'Universal Render Pipeline/Particles/Lit': fallback shader 'Universal Render Pipeline/Particles/SimpleLit' not found
Refreshing native plugins compatible for Editor in 0.44 ms, found 0 plugins.
Preloading 0 native plugins for Editor in 0.00 ms.
Unloading 2356 Unused Serialized files (Serialized files now loaded: 0)
System memory in use before: 118.4 MB.
System memory in use after: 115.8 MB.

Unloading 39 unused Assets to reduce memory usage. Loaded Objects now: 3305.
Total: 5.655300 ms (FindLiveObjects: 0.415500 ms CreateObjectMapping: 0.231500 ms MarkObjects: 2.804100 ms  DeleteObjects: 2.202700 ms)

========================================================================
Received Prepare
Registering precompiled user dll's ...
Registered in 0.002362 seconds.
Begin MonoManager ReloadAssembly
Native extension for WindowsStandalone target not found
Native extension for WebGL target not found
Refreshing native plugins compatible for Editor in 0.53 ms, found 0 plugins.
Preloading 0 native plugins for Editor in 0.00 ms.
Mono: successfully reloaded assembly
- Completed reload, in  1.193 seconds
Platform modules already initialized, skipping
Shader 'Universal Render Pipeline/Particles/Lit': fallback shader 'Universal Render Pipeline/Particles/SimpleLit' not found
Shader 'Universal Render Pipeline/Particles/Lit': fallback shader 'Universal Render Pipeline/Particles/SimpleLit' not found
Refreshing native plugins compatible for Editor in 0.44 ms, found 0 plugins.
Preloading 0 native plugins for Editor in 0.00 ms.
Unloading 2356 Unused Serialized files (Serialized files now loaded: 0)
System memory in use before: 118.5 MB.
System memory in use after: 115.9 MB.

Unloading 39 unused Assets to reduce memory usage. Loaded Objects now: 3308.
Total: 6.199800 ms (FindLiveObjects: 0.584300 ms CreateObjectMapping: 0.305200 ms MarkObjects: 3.531100 ms  DeleteObjects: 1.777700 ms)

========================================================================
Received Prepare
Registering precompiled user dll's ...
Registered in 0.001935 seconds.
Begin MonoManager ReloadAssembly
Native extension for WindowsStandalone target not found
Native extension for WebGL target not found
Refreshing native plugins compatible for Editor in 0.41 ms, found 0 plugins.
Preloading 0 native plugins for Editor in 0.00 ms.
Mono: successfully reloaded assembly
- Completed reload, in  1.312 seconds
Platform modules already initialized, skipping
Shader 'Universal Render Pipeline/Particles/Lit': fallback shader 'Universal Render Pipeline/Particles/SimpleLit' not found
Shader 'Universal Render Pipeline/Particles/Lit': fallback shader 'Universal Render Pipeline/Particles/SimpleLit' not found
Refreshing native plugins compatible for Editor in 0.45 ms, found 0 plugins.
Preloading 0 native plugins for Editor in 0.00 ms.
Unloading 2356 Unused Serialized files (Serialized files now loaded: 0)
System memory in use before: 118.4 MB.
System memory in use after: 115.8 MB.

Unloading 39 unused Assets to reduce memory usage. Loaded Objects now: 3311.
Total: 5.134200 ms (FindLiveObjects: 0.391200 ms CreateObjectMapping: 0.146400 ms MarkObjects: 2.765000 ms  DeleteObjects: 1.829900 ms)

========================================================================
Received Prepare
Registering precompiled user dll's ...
Registered in 0.004014 seconds.
Begin MonoManager ReloadAssembly
Native extension for WindowsStandalone target not found
Native extension for WebGL target not found
Refreshing native plugins compatible for Editor in 0.40 ms, found 0 plugins.
Preloading 0 native plugins for Editor in 0.00 ms.
Mono: successfully reloaded assembly
- Completed reload, in  1.154 seconds
Platform modules already initialized, skipping
Shader 'Universal Render Pipeline/Particles/Lit': fallback shader 'Universal Render Pipeline/Particles/SimpleLit' not found
Shader 'Universal Render Pipeline/Particles/Lit': fallback shader 'Universal Render Pipeline/Particles/SimpleLit' not found
Refreshing native plugins compatible for Editor in 0.44 ms, found 0 plugins.
Preloading 0 native plugins for Editor in 0.00 ms.
Unloading 2356 Unused Serialized files (Serialized files now loaded: 0)
System memory in use before: 118.5 MB.
System memory in use after: 115.9 MB.

Unloading 39 unused Assets to reduce memory usage. Loaded Objects now: 3314.
Total: 6.262700 ms (FindLiveObjects: 0.987900 ms CreateObjectMapping: 0.212100 ms MarkObjects: 3.290800 ms  DeleteObjects: 1.770400 ms)

========================================================================
Received Prepare
Registering precompiled user dll's ...
Registered in 0.001812 seconds.
Begin MonoManager ReloadAssembly
Native extension for WindowsStandalone target not found
Native extension for WebGL target not found
Refreshing native plugins compatible for Editor in 0.44 ms, found 0 plugins.
Preloading 0 native plugins for Editor in 0.00 ms.
Mono: successfully reloaded assembly
- Completed reload, in  1.202 seconds
Platform modules already initialized, skipping
Shader 'Universal Render Pipeline/Particles/Lit': fallback shader 'Universal Render Pipeline/Particles/SimpleLit' not found
Shader 'Universal Render Pipeline/Particles/Lit': fallback shader 'Universal Render Pipeline/Particles/SimpleLit' not found
Refreshing native plugins compatible for Editor in 0.43 ms, found 0 plugins.
Preloading 0 native plugins for Editor in 0.00 ms.
Unloading 2356 Unused Serialized files (Serialized files now loaded: 0)
System memory in use before: 118.5 MB.
System memory in use after: 115.9 MB.

Unloading 39 unused Assets to reduce memory usage. Loaded Objects now: 3317.
Total: 5.898100 ms (FindLiveObjects: 0.623200 ms CreateObjectMapping: 0.281100 ms MarkObjects: 3.000400 ms  DeleteObjects: 1.991700 ms)

========================================================================
Received Prepare
Registering precompiled user dll's ...
Registered in 0.002083 seconds.
Begin MonoManager ReloadAssembly
Native extension for WindowsStandalone target not found
Native extension for WebGL target not found
Refreshing native plugins compatible for Editor in 0.47 ms, found 0 plugins.
Preloading 0 native plugins for Editor in 0.00 ms.
Mono: successfully reloaded assembly
- Completed reload, in  1.323 seconds
Platform modules already initialized, skipping
Shader 'Universal Render Pipeline/Particles/Lit': fallback shader 'Universal Render Pipeline/Particles/SimpleLit' not found
Shader 'Universal Render Pipeline/Particles/Lit': fallback shader 'Universal Render Pipeline/Particles/SimpleLit' not found
Refreshing native plugins compatible for Editor in 0.49 ms, found 0 plugins.
Preloading 0 native plugins for Editor in 0.00 ms.
Unloading 2356 Unused Serialized files (Serialized files now loaded: 0)
System memory in use before: 118.5 MB.
System memory in use after: 115.9 MB.

Unloading 39 unused Assets to reduce memory usage. Loaded Objects now: 3320.
Total: 6.055000 ms (FindLiveObjects: 0.675900 ms CreateObjectMapping: 0.398300 ms MarkObjects: 3.291200 ms  DeleteObjects: 1.687900 ms)

========================================================================
Received Prepare
Registering precompiled user dll's ...
Registered in 0.001598 seconds.
Begin MonoManager ReloadAssembly
Native extension for WindowsStandalone target not found
Native extension for WebGL target not found
Refreshing native plugins compatible for Editor in 0.41 ms, found 0 plugins.
Preloading 0 native plugins for Editor in 0.00 ms.
Mono: successfully reloaded assembly
- Completed reload, in  1.184 seconds
Platform modules already initialized, skipping
Shader 'Universal Render Pipeline/Particles/Lit': fallback shader 'Universal Render Pipeline/Particles/SimpleLit' not found
Shader 'Universal Render Pipeline/Particles/Lit': fallback shader 'Universal Render Pipeline/Particles/SimpleLit' not found
Refreshing native plugins compatible for Editor in 0.52 ms, found 0 plugins.
Preloading 0 native plugins for Editor in 0.00 ms.
Unloading 2356 Unused Serialized files (Serialized files now loaded: 0)
System memory in use before: 118.5 MB.
System memory in use after: 115.9 MB.

Unloading 39 unused Assets to reduce memory usage. Loaded Objects now: 3323.
Total: 4.699800 ms (FindLiveObjects: 0.299900 ms CreateObjectMapping: 0.169300 ms MarkObjects: 2.535100 ms  DeleteObjects: 1.694200 ms)

========================================================================
Received Prepare
Registering precompiled user dll's ...
Registered in 0.002550 seconds.
Begin MonoManager ReloadAssembly
Native extension for WindowsStandalone target not found
Native extension for WebGL target not found
Refreshing native plugins compatible for Editor in 1.03 ms, found 0 plugins.
Preloading 0 native plugins for Editor in 0.00 ms.
Mono: successfully reloaded assembly
- Completed reload, in  1.196 seconds
Platform modules already initialized, skipping
Shader 'Universal Render Pipeline/Particles/Lit': fallback shader 'Universal Render Pipeline/Particles/SimpleLit' not found
Shader 'Universal Render Pipeline/Particles/Lit': fallback shader 'Universal Render Pipeline/Particles/SimpleLit' not found
Refreshing native plugins compatible for Editor in 0.44 ms, found 0 plugins.
Preloading 0 native plugins for Editor in 0.00 ms.
Unloading 2356 Unused Serialized files (Serialized files now loaded: 0)
System memory in use before: 118.4 MB.
System memory in use after: 115.8 MB.

Unloading 39 unused Assets to reduce memory usage. Loaded Objects now: 3326.
Total: 4.557000 ms (FindLiveObjects: 0.318700 ms CreateObjectMapping: 0.122500 ms MarkObjects: 2.554400 ms  DeleteObjects: 1.560400 ms)

========================================================================
Received Prepare
Registering precompiled user dll's ...
Registered in 0.001866 seconds.
Begin MonoManager ReloadAssembly
Native extension for WindowsStandalone target not found
Native extension for WebGL target not found
Refreshing native plugins compatible for Editor in 0.43 ms, found 0 plugins.
Preloading 0 native plugins for Editor in 0.00 ms.
Mono: successfully reloaded assembly
- Completed reload, in  1.169 seconds
Platform modules already initialized, skipping
Shader 'Universal Render Pipeline/Particles/Lit': fallback shader 'Universal Render Pipeline/Particles/SimpleLit' not found
Shader 'Universal Render Pipeline/Particles/Lit': fallback shader 'Universal Render Pipeline/Particles/SimpleLit' not found
Refreshing native plugins compatible for Editor in 0.47 ms, found 0 plugins.
Preloading 0 native plugins for Editor in 0.00 ms.
Unloading 2356 Unused Serialized files (Serialized files now loaded: 0)
System memory in use before: 118.5 MB.
System memory in use after: 115.9 MB.

Unloading 39 unused Assets to reduce memory usage. Loaded Objects now: 3329.
Total: 5.171300 ms (FindLiveObjects: 0.746600 ms CreateObjectMapping: 0.191000 ms MarkObjects: 2.591800 ms  DeleteObjects: 1.639700 ms)

========================================================================
Received Prepare
Registering precompiled user dll's ...
Registered in 0.002946 seconds.
Begin MonoManager ReloadAssembly
Native extension for WindowsStandalone target not found
Native extension for WebGL target not found
Refreshing native plugins compatible for Editor in 0.71 ms, found 0 plugins.
Preloading 0 native plugins for Editor in 0.00 ms.
Mono: successfully reloaded assembly
- Completed reload, in  1.225 seconds
Platform modules already initialized, skipping
Shader 'Universal Render Pipeline/Particles/Lit': fallback shader 'Universal Render Pipeline/Particles/SimpleLit' not found
Shader 'Universal Render Pipeline/Particles/Lit': fallback shader 'Universal Render Pipeline/Particles/SimpleLit' not found
Refreshing native plugins compatible for Editor in 0.47 ms, found 0 plugins.
Preloading 0 native plugins for Editor in 0.00 ms.
Unloading 2356 Unused Serialized files (Serialized files now loaded: 0)
System memory in use before: 118.6 MB.
System memory in use after: 115.9 MB.

Unloading 39 unused Assets to reduce memory usage. Loaded Objects now: 3332.
Total: 5.017900 ms (FindLiveObjects: 0.526600 ms CreateObjectMapping: 0.173700 ms MarkObjects: 2.649700 ms  DeleteObjects: 1.666700 ms)

========================================================================
Received Prepare
Registering precompiled user dll's ...
Registered in 0.002271 seconds.
Begin MonoManager ReloadAssembly
Native extension for WindowsStandalone target not found
Native extension for WebGL target not found
Refreshing native plugins compatible for Editor in 0.41 ms, found 0 plugins.
Preloading 0 native plugins for Editor in 0.00 ms.
Mono: successfully reloaded assembly
- Completed reload, in  1.283 seconds
Platform modules already initialized, skipping
Shader 'Universal Render Pipeline/Particles/Lit': fallback shader 'Universal Render Pipeline/Particles/SimpleLit' not found
Shader 'Universal Render Pipeline/Particles/Lit': fallback shader 'Universal Render Pipeline/Particles/SimpleLit' not found
Refreshing native plugins compatible for Editor in 0.54 ms, found 0 plugins.
Preloading 0 native plugins for Editor in 0.00 ms.
Unloading 2356 Unused Serialized files (Serialized files now loaded: 0)
System memory in use before: 118.5 MB.
System memory in use after: 115.9 MB.

Unloading 39 unused Assets to reduce memory usage. Loaded Objects now: 3335.
Total: 5.331200 ms (FindLiveObjects: 0.352200 ms CreateObjectMapping: 0.147900 ms MarkObjects: 2.974700 ms  DeleteObjects: 1.855100 ms)

========================================================================
Received Prepare
Registering precompiled user dll's ...
Registered in 0.002070 seconds.
Begin MonoManager ReloadAssembly
Native extension for WindowsStandalone target not found
Native extension for WebGL target not found
Refreshing native plugins compatible for Editor in 0.41 ms, found 0 plugins.
Preloading 0 native plugins for Editor in 0.00 ms.
Mono: successfully reloaded assembly
- Completed reload, in  1.251 seconds
Platform modules already initialized, skipping
Shader 'Universal Render Pipeline/Particles/Lit': fallback shader 'Universal Render Pipeline/Particles/SimpleLit' not found
Shader 'Universal Render Pipeline/Particles/Lit': fallback shader 'Universal Render Pipeline/Particles/SimpleLit' not found
Refreshing native plugins compatible for Editor in 0.62 ms, found 0 plugins.
Preloading 0 native plugins for Editor in 0.00 ms.
Unloading 2356 Unused Serialized files (Serialized files now loaded: 0)
System memory in use before: 118.5 MB.
System memory in use after: 115.9 MB.

Unloading 39 unused Assets to reduce memory usage. Loaded Objects now: 3338.
Total: 6.047600 ms (FindLiveObjects: 0.570200 ms CreateObjectMapping: 0.228700 ms MarkObjects: 3.241600 ms  DeleteObjects: 2.005500 ms)

========================================================================
Received Prepare
Registering precompiled user dll's ...
Registered in 0.002185 seconds.
Begin MonoManager ReloadAssembly
Native extension for WindowsStandalone target not found
Native extension for WebGL target not found
Refreshing native plugins compatible for Editor in 0.41 ms, found 0 plugins.
Preloading 0 native plugins for Editor in 0.00 ms.
Mono: successfully reloaded assembly
- Completed reload, in  1.224 seconds
Platform modules already initialized, skipping
Shader 'Universal Render Pipeline/Particles/Lit': fallback shader 'Universal Render Pipeline/Particles/SimpleLit' not found
Shader 'Universal Render Pipeline/Particles/Lit': fallback shader 'Universal Render Pipeline/Particles/SimpleLit' not found
Refreshing native plugins compatible for Editor in 0.45 ms, found 0 plugins.
Preloading 0 native plugins for Editor in 0.00 ms.
Unloading 2356 Unused Serialized files (Serialized files now loaded: 0)
System memory in use before: 118.5 MB.
System memory in use after: 115.8 MB.

Unloading 39 unused Assets to reduce memory usage. Loaded Objects now: 3341.
Total: 6.659500 ms (FindLiveObjects: 0.379300 ms CreateObjectMapping: 0.163200 ms MarkObjects: 3.731900 ms  DeleteObjects: 2.383700 ms)

========================================================================
Received Prepare
Registering precompiled user dll's ...
Registered in 0.001813 seconds.
Begin MonoManager ReloadAssembly
Native extension for WindowsStandalone target not found
Native extension for WebGL target not found
Refreshing native plugins compatible for Editor in 0.41 ms, found 0 plugins.
Preloading 0 native plugins for Editor in 0.00 ms.
Mono: successfully reloaded assembly
- Completed reload, in  1.234 seconds
Platform modules already initialized, skipping
Shader 'Universal Render Pipeline/Particles/Lit': fallback shader 'Universal Render Pipeline/Particles/SimpleLit' not found
Shader 'Universal Render Pipeline/Particles/Lit': fallback shader 'Universal Render Pipeline/Particles/SimpleLit' not found
Refreshing native plugins compatible for Editor in 0.47 ms, found 0 plugins.
Preloading 0 native plugins for Editor in 0.00 ms.
Unloading 2356 Unused Serialized files (Serialized files now loaded: 0)
System memory in use before: 118.6 MB.
System memory in use after: 115.9 MB.

Unloading 39 unused Assets to reduce memory usage. Loaded Objects now: 3344.
Total: 5.533200 ms (FindLiveObjects: 0.585100 ms CreateObjectMapping: 0.149800 ms MarkObjects: 2.935400 ms  DeleteObjects: 1.860900 ms)

========================================================================
Received Prepare
Registering precompiled user dll's ...
Registered in 0.003050 seconds.
Begin MonoManager ReloadAssembly
Native extension for WindowsStandalone target not found
Native extension for WebGL target not found
Refreshing native plugins compatible for Editor in 0.52 ms, found 0 plugins.
Preloading 0 native plugins for Editor in 0.00 ms.
Mono: successfully reloaded assembly
- Completed reload, in  1.323 seconds
Platform modules already initialized, skipping
Shader 'Universal Render Pipeline/Particles/Lit': fallback shader 'Universal Render Pipeline/Particles/SimpleLit' not found
Shader 'Universal Render Pipeline/Particles/Lit': fallback shader 'Universal Render Pipeline/Particles/SimpleLit' not found
Refreshing native plugins compatible for Editor in 0.62 ms, found 0 plugins.
Preloading 0 native plugins for Editor in 0.00 ms.
Unloading 2356 Unused Serialized files (Serialized files now loaded: 0)
System memory in use before: 118.6 MB.
System memory in use after: 115.9 MB.

Unloading 39 unused Assets to reduce memory usage. Loaded Objects now: 3347.
Total: 5.579100 ms (FindLiveObjects: 0.712900 ms CreateObjectMapping: 0.245000 ms MarkObjects: 2.940700 ms  DeleteObjects: 1.679300 ms)

========================================================================
Received Prepare
Registering precompiled user dll's ...
Registered in 0.001930 seconds.
Begin MonoManager ReloadAssembly
Native extension for WindowsStandalone target not found
Native extension for WebGL target not found
Refreshing native plugins compatible for Editor in 0.82 ms, found 0 plugins.
Preloading 0 native plugins for Editor in 0.00 ms.
Mono: successfully reloaded assembly
- Completed reload, in  1.194 seconds
Platform modules already initialized, skipping
Shader 'Universal Render Pipeline/Particles/Lit': fallback shader 'Universal Render Pipeline/Particles/SimpleLit' not found
Shader 'Universal Render Pipeline/Particles/Lit': fallback shader 'Universal Render Pipeline/Particles/SimpleLit' not found
Refreshing native plugins compatible for Editor in 0.43 ms, found 0 plugins.
Preloading 0 native plugins for Editor in 0.00 ms.
Unloading 2356 Unused Serialized files (Serialized files now loaded: 0)
System memory in use before: 118.5 MB.
System memory in use after: 115.9 MB.

Unloading 39 unused Assets to reduce memory usage. Loaded Objects now: 3350.
Total: 5.680600 ms (FindLiveObjects: 0.535900 ms CreateObjectMapping: 0.219700 ms MarkObjects: 3.049900 ms  DeleteObjects: 1.873600 ms)

========================================================================
Received Prepare
Registering precompiled user dll's ...
Registered in 0.003783 seconds.
Begin MonoManager ReloadAssembly
Native extension for WindowsStandalone target not found
Native extension for WebGL target not found
Refreshing native plugins compatible for Editor in 0.54 ms, found 0 plugins.
Preloading 0 native plugins for Editor in 0.00 ms.
Mono: successfully reloaded assembly
- Completed reload, in  1.246 seconds
Platform modules already initialized, skipping
Shader 'Universal Render Pipeline/Particles/Lit': fallback shader 'Universal Render Pipeline/Particles/SimpleLit' not found
Shader 'Universal Render Pipeline/Particles/Lit': fallback shader 'Universal Render Pipeline/Particles/SimpleLit' not found
Refreshing native plugins compatible for Editor in 0.50 ms, found 0 plugins.
Preloading 0 native plugins for Editor in 0.00 ms.
Unloading 2356 Unused Serialized files (Serialized files now loaded: 0)
System memory in use before: 118.6 MB.
System memory in use after: 115.9 MB.

Unloading 39 unused Assets to reduce memory usage. Loaded Objects now: 3353.
Total: 7.107000 ms (FindLiveObjects: 0.413700 ms CreateObjectMapping: 0.193500 ms MarkObjects: 4.126500 ms  DeleteObjects: 2.371500 ms)

========================================================================
Received Prepare
Registering precompiled user dll's ...
Registered in 0.001864 seconds.
Begin MonoManager ReloadAssembly
Native extension for WindowsStandalone target not found
Native extension for WebGL target not found
Refreshing native plugins compatible for Editor in 0.44 ms, found 0 plugins.
Preloading 0 native plugins for Editor in 0.00 ms.
Mono: successfully reloaded assembly
- Completed reload, in  1.191 seconds
Platform modules already initialized, skipping
Shader 'Universal Render Pipeline/Particles/Lit': fallback shader 'Universal Render Pipeline/Particles/SimpleLit' not found
Shader 'Universal Render Pipeline/Particles/Lit': fallback shader 'Universal Render Pipeline/Particles/SimpleLit' not found
Refreshing native plugins compatible for Editor in 0.46 ms, found 0 plugins.
Preloading 0 native plugins for Editor in 0.00 ms.
Unloading 2356 Unused Serialized files (Serialized files now loaded: 0)
System memory in use before: 118.5 MB.
System memory in use after: 115.9 MB.

Unloading 39 unused Assets to reduce memory usage. Loaded Objects now: 3356.
Total: 9.093400 ms (FindLiveObjects: 1.522500 ms CreateObjectMapping: 0.260400 ms MarkObjects: 4.463100 ms  DeleteObjects: 2.845500 ms)

========================================================================
Received Prepare
Registering precompiled user dll's ...
Registered in 0.001750 seconds.
Begin MonoManager ReloadAssembly
Native extension for WindowsStandalone target not found
Native extension for WebGL target not found
Refreshing native plugins compatible for Editor in 0.46 ms, found 0 plugins.
Preloading 0 native plugins for Editor in 0.00 ms.
Mono: successfully reloaded assembly
- Completed reload, in  1.297 seconds
Platform modules already initialized, skipping
Shader 'Universal Render Pipeline/Particles/Lit': fallback shader 'Universal Render Pipeline/Particles/SimpleLit' not found
Shader 'Universal Render Pipeline/Particles/Lit': fallback shader 'Universal Render Pipeline/Particles/SimpleLit' not found
Refreshing native plugins compatible for Editor in 0.47 ms, found 0 plugins.
Preloading 0 native plugins for Editor in 0.00 ms.
Unloading 2356 Unused Serialized files (Serialized files now loaded: 0)
System memory in use before: 118.6 MB.
System memory in use after: 116.0 MB.

Unloading 39 unused Assets to reduce memory usage. Loaded Objects now: 3359.
Total: 5.781600 ms (FindLiveObjects: 0.571900 ms CreateObjectMapping: 0.168400 ms MarkObjects: 3.214300 ms  DeleteObjects: 1.825200 ms)

========================================================================
Received Prepare
Registering precompiled user dll's ...
Registered in 0.001941 seconds.
Begin MonoManager ReloadAssembly
Native extension for WindowsStandalone target not found
Native extension for WebGL target not found
Refreshing native plugins compatible for Editor in 0.74 ms, found 0 plugins.
Preloading 0 native plugins for Editor in 0.00 ms.
Mono: successfully reloaded assembly
- Completed reload, in  1.254 seconds
Platform modules already initialized, skipping
Shader 'Universal Render Pipeline/Particles/Lit': fallback shader 'Universal Render Pipeline/Particles/SimpleLit' not found
Shader 'Universal Render Pipeline/Particles/Lit': fallback shader 'Universal Render Pipeline/Particles/SimpleLit' not found
Refreshing native plugins compatible for Editor in 0.47 ms, found 0 plugins.
Preloading 0 native plugins for Editor in 0.00 ms.
Unloading 2356 Unused Serialized files (Serialized files now loaded: 0)
System memory in use before: 118.6 MB.
System memory in use after: 116.0 MB.

Unloading 39 unused Assets to reduce memory usage. Loaded Objects now: 3362.
Total: 4.965900 ms (FindLiveObjects: 0.416900 ms CreateObjectMapping: 0.123500 ms MarkObjects: 2.657900 ms  DeleteObjects: 1.766600 ms)

========================================================================
Received Prepare
Registering precompiled user dll's ...
Registered in 0.001724 seconds.
Begin MonoManager ReloadAssembly
Native extension for WindowsStandalone target not found
Native extension for WebGL target not found
Refreshing native plugins compatible for Editor in 0.40 ms, found 0 plugins.
Preloading 0 native plugins for Editor in 0.00 ms.
Mono: successfully reloaded assembly
- Completed reload, in  1.203 seconds
Platform modules already initialized, skipping
Shader 'Universal Render Pipeline/Particles/Lit': fallback shader 'Universal Render Pipeline/Particles/SimpleLit' not found
Shader 'Universal Render Pipeline/Particles/Lit': fallback shader 'Universal Render Pipeline/Particles/SimpleLit' not found
Refreshing native plugins compatible for Editor in 0.50 ms, found 0 plugins.
Preloading 0 native plugins for Editor in 0.00 ms.
Unloading 2356 Unused Serialized files (Serialized files now loaded: 0)
System memory in use before: 118.6 MB.
System memory in use after: 116.0 MB.

Unloading 39 unused Assets to reduce memory usage. Loaded Objects now: 3365.
Total: 4.914500 ms (FindLiveObjects: 0.386700 ms CreateObjectMapping: 0.134400 ms MarkObjects: 2.746100 ms  DeleteObjects: 1.646100 ms)

========================================================================
Received Prepare
Registering precompiled user dll's ...
Registered in 0.002047 seconds.
Begin MonoManager ReloadAssembly
Native extension for WindowsStandalone target not found
Native extension for WebGL target not found
Refreshing native plugins compatible for Editor in 0.50 ms, found 0 plugins.
Preloading 0 native plugins for Editor in 0.00 ms.
Mono: successfully reloaded assembly
- Completed reload, in  1.257 seconds
Platform modules already initialized, skipping
Shader 'Universal Render Pipeline/Particles/Lit': fallback shader 'Universal Render Pipeline/Particles/SimpleLit' not found
Shader 'Universal Render Pipeline/Particles/Lit': fallback shader 'Universal Render Pipeline/Particles/SimpleLit' not found
Refreshing native plugins compatible for Editor in 0.43 ms, found 0 plugins.
Preloading 0 native plugins for Editor in 0.00 ms.
Unloading 2356 Unused Serialized files (Serialized files now loaded: 0)
System memory in use before: 118.6 MB.
System memory in use after: 116.0 MB.

Unloading 39 unused Assets to reduce memory usage. Loaded Objects now: 3368.
Total: 5.379400 ms (FindLiveObjects: 0.387900 ms CreateObjectMapping: 0.147200 ms MarkObjects: 2.987800 ms  DeleteObjects: 1.854500 ms)

========================================================================
Received Prepare
Registering precompiled user dll's ...
Registered in 0.001785 seconds.
Begin MonoManager ReloadAssembly
Native extension for WindowsStandalone target not found
Native extension for WebGL target not found
Refreshing native plugins compatible for Editor in 0.65 ms, found 0 plugins.
Preloading 0 native plugins for Editor in 0.00 ms.
Mono: successfully reloaded assembly
- Completed reload, in  1.320 seconds
Platform modules already initialized, skipping
Shader 'Universal Render Pipeline/Particles/Lit': fallback shader 'Universal Render Pipeline/Particles/SimpleLit' not found
Shader 'Universal Render Pipeline/Particles/Lit': fallback shader 'Universal Render Pipeline/Particles/SimpleLit' not found
Refreshing native plugins compatible for Editor in 0.52 ms, found 0 plugins.
Preloading 0 native plugins for Editor in 0.00 ms.
Unloading 2356 Unused Serialized files (Serialized files now loaded: 0)
System memory in use before: 118.5 MB.
System memory in use after: 115.9 MB.

Unloading 39 unused Assets to reduce memory usage. Loaded Objects now: 3371.
Total: 4.735200 ms (FindLiveObjects: 0.421700 ms CreateObjectMapping: 0.170800 ms MarkObjects: 2.363500 ms  DeleteObjects: 1.778000 ms)

========================================================================
Received Import Request.
  Time since last request: 2639.631203 seconds.
  path: Assets/Scripts/Resource.cs
  artifactKey: Guid(4a0519179cf54154c98b861f44334e20) Importer(815301076,1909f56bfc062723c751e8b465ee728b)
Start importing Assets/Scripts/Resource.cs using Guid(4a0519179cf54154c98b861f44334e20) Importer(815301076,1909f56bfc062723c751e8b465ee728b)  -> (artifact id: 'f615f9ed3d0e2e742d32391cfddc5844') in 0.013125 seconds
  Import took 0.018083 seconds .

========================================================================
Received Prepare
Registering precompiled user dll's ...
Registered in 0.001712 seconds.
Begin MonoManager ReloadAssembly
Native extension for WindowsStandalone target not found
Native extension for WebGL target not found
Refreshing native plugins compatible for Editor in 0.42 ms, found 0 plugins.
Preloading 0 native plugins for Editor in 0.00 ms.
Mono: successfully reloaded assembly
- Completed reload, in  1.285 seconds
Platform modules already initialized, skipping
Shader 'Universal Render Pipeline/Particles/Lit': fallback shader 'Universal Render Pipeline/Particles/SimpleLit' not found
Shader 'Universal Render Pipeline/Particles/Lit': fallback shader 'Universal Render Pipeline/Particles/SimpleLit' not found
Refreshing native plugins compatible for Editor in 0.43 ms, found 0 plugins.
Preloading 0 native plugins for Editor in 0.00 ms.
Unloading 2355 Unused Serialized files (Serialized files now loaded: 0)
System memory in use before: 118.6 MB.
System memory in use after: 116.0 MB.

Unloading 40 unused Assets to reduce memory usage. Loaded Objects now: 3373.
Total: 8.889000 ms (FindLiveObjects: 0.632000 ms CreateObjectMapping: 0.236700 ms MarkObjects: 5.277600 ms  DeleteObjects: 2.741200 ms)

